
__MAGICC 7.X DATA OUTPUT FILE__

OUTPUT:  DAT_SURFACE_TEMP
RUN:   SLR_AISSID_RCP85                                                                                                              
RUN_ID:                               1
DATE:   No Date specified.                                                                                                            
MAGICC-VERSION:   7.0.0.1 BETA, MAY 2016                                                                              

&THISFILE_SPECIFICATIONS
 THISFILE_DATACOLUMNS=          0,
 THISFILE_FIRSTYEAR=       1850,
 THISFILE_LASTYEAR=       2500,
 THISFILE_ANNUALSTEPS=          1,
 THISFILE_FIRSTDATAROW=         21,
 THISFILE_UNITS="K                                                                                                   ",
 THISFILE_DATTYPE="FOURBOXDATA                                                                                         ",
 /

   YEARS   GLOBAL    NH-OCEAN   NH-LAND   SH-OCEAN   SH-LAND
      1850      0.00000000E+00      0.00000000E+00      0.00000000E+00      0.00000000E+00      0.00000000E+00
      1851      0.21067942E+00      0.28579272E-01      0.52956136E+00      0.11406223E+00      0.43932342E+00
      1852      0.24002112E+00      0.81562276E-01      0.52956136E+00      0.14944612E+00      0.43932342E+00
      1853      0.21973911E+00     -0.21085103E-01      0.57010396E+00      0.15015677E+00      0.44590505E+00
      1854      0.53518199E-01     -0.22837830E+00      0.34554291E+00      0.10921521E+00      0.38513184E-01
      1855     -0.21400807E-02     -0.11084239E+00     -0.24305979E+00      0.22782371E+00     -0.85177104E-01
      1856      0.91920506E-01     -0.97895304E-01      0.84108988E-01      0.20190297E+00      0.21805318E+00
      1857      0.96593356E-01     -0.17564646E+00      0.16750336E+00      0.90965097E-01      0.72784678E+00
      1858      0.16302199E-01     -0.57739258E-01     -0.77359517E-01      0.73104122E-01      0.19443766E+00
      1859      0.66155645E-01      0.18702197E-01      0.27460734E-01      0.11055206E+00      0.10759227E+00
      1860      0.10421796E+00     -0.62820435E-01      0.34926097E+00      0.92321595E-01      0.12022908E+00
      1861      0.78926712E-01     -0.28350830E-01      0.91321309E-01      0.13886275E+00      0.12495422E+00
      1862      0.10210961E+00      0.19780153E-01      0.92155456E-01      0.15017700E+00      0.16857910E+00
      1863      0.13264842E+00      0.15546907E+00      0.59791565E-01      0.93192829E-01      0.36376190E+00
      1864      0.19100329E+00      0.15861443E+00      0.24815877E+00      0.13153819E+00      0.38984935E+00
      1865      0.16966728E+00      0.13244630E-01      0.29126485E+00      0.10379539E+00      0.60630035E+00
      1866     -0.97683589E-02     -0.13248952E+00      0.19494629E+00     -0.14472199E+00      0.42742920E+00
      1867     -0.50952733E-01     -0.49990336E-01     -0.14434306E+00     -0.46592712E-01      0.11676788E+00
      1868      0.95606817E-01      0.33106738E-01      0.21529134E+00      0.89397583E-01      0.52215576E-01
      1869      0.21299967E+00      0.16034789E+00      0.28373210E+00      0.22838581E+00      0.15907288E+00
      1870      0.17206190E+00      0.59214866E-01      0.31299082E+00      0.55850409E-01      0.63905334E+00
      1871      0.16068644E+00      0.22821961E-01      0.37729899E+00      0.99330463E-01      0.33904521E+00
      1872      0.24918191E+00     -0.19302368E-01      0.51557668E+00      0.25354131E+00      0.44152069E+00
      1873      0.11694625E+00     -0.10303243E+00      0.80889384E-01      0.32050995E+00      0.30832926E-01
      1874      0.14622658E+00     -0.12787119E+00      0.12821706E+00      0.27284553E+00      0.46294912E+00
      1875      0.17080590E+00      0.68834819E-01     -0.42851766E-01      0.33783207E+00      0.25141907E+00
      1876      0.18805201E+00      0.80527552E-01      0.13829804E+00      0.21296644E+00      0.49080658E+00
      1877      0.13539509E+00     -0.11184438E+00      0.21595510E+00      0.13827551E+00      0.64629110E+00
      1878      0.90557257E-01     -0.63008626E-01      0.15326691E+00      0.81404657E-01      0.42370351E+00
      1879      0.81417565E-01      0.12411072E+00      0.97427368E-02      0.84294874E-01      0.96028646E-01
      1880      0.17948482E+00      0.18209645E+00      0.79007467E-01      0.21227636E+00      0.24986776E+00
      1881      0.29404214E+00      0.65544112E-01      0.61328125E+00      0.20150540E+00      0.63476817E+00
      1882      0.20418856E+00      0.53970417E-01      0.46359253E+00      0.55880975E-01      0.65818787E+00
      1883      0.13490487E+00      0.57959345E-01      0.23301188E+00      0.56370033E-01      0.44664764E+00
      1884     -0.14150061E+00     -0.44153595E+00      0.10455068E+00     -0.90848287E-01      0.45166016E-02
      1885     -0.23098039E+00     -0.20646922E+00     -0.64122264E+00      0.78614720E-02     -0.37669373E+00
      1886     -0.19252964E+00     -0.30602519E+00     -0.27116140E+00     -0.20010122E+00      0.30668132E+00
      1887     -0.20505028E+00     -0.37362162E+00     -0.20653788E+00     -0.20827993E+00      0.27565257E+00
      1888     -0.13928811E+00     -0.15940094E+00     -0.19127146E+00     -0.30306498E-01     -0.38975016E+00
      1889      0.24098314E-01     -0.11452738E+00      0.14549510E+00      0.34510087E-01      0.12500763E+00
      1890      0.34921714E-01     -0.13595835E+00      0.16789754E-01      0.12679137E+00      0.19753520E+00
      1891      0.75581291E-01     -0.18554179E+00      0.11146545E+00      0.19286545E+00      0.28379822E+00
      1892      0.38083776E-02     -0.26230621E+00      0.21500651E+00     -0.11342367E-02      0.33498891E+00
      1893     -0.76830673E-01     -0.19948069E+00     -0.17796834E-01      0.35469379E-01     -0.27861277E+00
      1894      0.36816815E-01      0.36730296E-02     -0.12062581E+00      0.16134747E+00     -0.25230408E-01
      1895      0.15642199E+00     -0.31389872E-01      0.18108877E+00      0.21008620E+00      0.42392731E+00
      1896      0.12501582E+00     -0.72280884E-01      0.32151031E+00      0.72666570E-01      0.47387441E+00
      1897      0.80152497E-01      0.46582840E-01     -0.73064168E-02      0.12032189E+00      0.19667308E+00
      1898      0.14462226E+00      0.74744811E-01     -0.10765076E-01      0.20317461E+00      0.42812347E+00
      1899      0.13219146E+00      0.34535601E-01      0.28880310E+00      0.14765110E-01      0.53043111E+00
      1900      0.18758733E+00      0.37278066E-01      0.48388418E+00      0.93873519E-01      0.36267598E+00
      1901      0.20371316E+00      0.15253628E+00      0.26682281E+00      0.19939756E+00      0.23507436E+00
      1902      0.29079345E+00      0.98094818E-02      0.57517751E+00      0.23606713E+00      0.70395152E+00
      1903     -0.14044312E+00     -0.59923554E+00      0.29993947E+00     -0.28840637E+00      0.80255636E+00
      1904     -0.44275842E+00     -0.57556152E+00     -0.55821737E+00     -0.27040354E+00     -0.49343363E+00
      1905     -0.26436242E+00     -0.34822337E+00     -0.59554291E+00     -0.16723633E-01     -0.30197906E+00
      1906     -0.11769854E+00     -0.28831991E+00     -0.22540029E+00     -0.51651001E-01      0.32048035E+00
      1907     -0.15345637E+00     -0.25764720E+00     -0.36395772E+00     -0.27475993E-01      0.81385295E-01
      1908     -0.43867717E-01     -0.10781352E+00     -0.19540151E+00      0.86978619E-01     -0.56419373E-01
      1909      0.23541912E+00      0.15516983E+00      0.28864797E+00      0.27903163E+00      0.18653615E+00
      1910      0.21964946E+00      0.29653858E-01      0.19951884E+00      0.14669926E+00      0.10590922E+01
      1911      0.49713478E-01     -0.18924967E+00      0.26168315E+00     -0.30186971E-02      0.48414103E+00
      1912      0.64640551E-01     -0.14933777E+00      0.30561574E+00      0.11329383E+00     -0.93510946E-02
      1913      0.32967547E-02     -0.22349803E+00      0.29902140E-01      0.10200605E+00      0.20513662E+00
      1914      0.99173389E-01     -0.10979207E+00      0.44484456E-01      0.24331719E+00      0.24343872E+00
      1915      0.13294884E+00     -0.47269185E-01      0.87875366E-01      0.21737600E+00      0.40323385E+00
      1916      0.18522572E+00      0.61175580E-01      0.14681498E-01      0.28923833E+00      0.47764333E+00
      1917      0.24970037E+00      0.54874783E-01      0.41399383E+00      0.24397516E+00      0.48074087E+00
      1918      0.25856143E+00      0.30942735E-01      0.50708771E+00      0.18674088E+00      0.66035207E+00
      1919      0.16990632E+00      0.67605673E-01      0.85884094E-01      0.22937514E+00      0.39677938E+00
      1920      0.30870911E+00      0.19981813E+00      0.34479014E+00      0.29758274E+00      0.57914988E+00
      1921      0.29949531E+00      0.17077453E+00      0.53435262E+00      0.20514426E+00      0.54023488E+00
      1922      0.22607468E+00      0.24080439E+00      0.30469004E+00      0.15874739E+00      0.28144073E+00
      1923      0.38437988E+00      0.40115103E+00      0.57784780E+00      0.27401657E+00      0.36629995E+00
      1924      0.41100750E+00      0.36850209E+00      0.47707113E+00      0.34302814E+00      0.65200806E+00
      1925      0.40580980E+00      0.18654697E+00      0.83809408E+00      0.20496336E+00      0.90238953E+00
      1926      0.35261075E+00      0.25338900E+00      0.62763468E+00      0.24765820E+00      0.47142537E+00
      1927      0.48823622E+00      0.46566214E+00      0.59857941E+00      0.44899373E+00      0.47752380E+00
      1928      0.45362693E+00      0.28146878E+00      0.88571421E+00      0.24245593E+00      0.85934194E+00
      1929      0.39977387E+00      0.18663882E+00      0.85247040E+00      0.24265918E+00      0.67409007E+00
      1930      0.29417851E+00      0.36817117E+00      0.98546346E-01      0.36392455E+00      0.21870422E+00
      1931      0.47359951E+00      0.44952253E+00      0.60648346E+00      0.37471159E+00      0.64633687E+00
      1932      0.41388470E+00      0.24750582E+00      0.82891083E+00      0.17693206E+00      0.93474833E+00
      1933      0.26259783E+00      0.17862992E+00      0.47679138E+00      0.15632325E+00      0.46591695E+00
      1934      0.19279380E+00      0.19906873E+00      0.27559662E+00      0.16230863E+00      0.12453969E+00
      1935      0.31368779E+00      0.19690697E+00      0.64894104E+00      0.13970811E+00      0.62021383E+00
      1936      0.22457095E+00      0.28062014E+00      0.11443329E+00      0.31398628E+00     -0.46328227E-01
      1937      0.37412870E+00      0.30314023E+00      0.36281331E+00      0.32522758E+00      0.77678426E+00
      1938      0.42367857E+00      0.28636200E+00      0.58940125E+00      0.32272466E+00      0.85126750E+00
      1939      0.44604470E+00      0.33013500E+00      0.60957591E+00      0.43161270E+00      0.49340566E+00
      1940      0.46532233E+00      0.43848425E+00      0.60140228E+00      0.40534521E+00      0.49291484E+00
      1941      0.50757538E+00      0.35189273E+00      0.82342275E+00      0.40832756E+00      0.67922211E+00
      1942      0.42525283E+00      0.25435108E+00      0.55332947E+00      0.34927756E+00      0.92692566E+00
      1943      0.41257553E+00      0.30050975E+00      0.58118439E+00      0.38642034E+00      0.48326620E+00
      1944      0.36581879E+00      0.22684697E+00      0.54384613E+00      0.30000889E+00      0.64116160E+00
      1945      0.38659417E+00      0.30791713E+00      0.44362895E+00      0.29430584E+00      0.83700307E+00
      1946      0.38395674E+00      0.44421081E+00      0.40252686E+00      0.33078851E+00      0.38041433E+00
      1947      0.40303635E+00      0.45351947E+00      0.33116404E+00      0.32095445E+00      0.71613566E+00
      1948      0.51058687E+00      0.42304175E+00      0.98132833E+00      0.31705048E+00      0.53896077E+00
      1949      0.43995478E+00      0.32926446E+00      0.75895182E+00      0.19988186E+00      0.10108083E+01
      1950      0.31505666E+00      0.36114365E+00      0.37246704E+00      0.20857324E+00      0.47352854E+00
      1951      0.40674046E+00      0.45006142E+00      0.58856201E+00      0.36323702E+00      0.87104797E-01
      1952      0.50092638E+00      0.41536834E+00      0.86768341E+00      0.40095550E+00      0.37979635E+00
      1953      0.55583542E+00      0.44180859E+00      0.85411326E+00      0.39092663E+00      0.89458211E+00
      1954      0.44414126E+00      0.33048729E+00      0.76279449E+00      0.29798755E+00      0.67055257E+00
      1955      0.42271817E+00      0.34468831E+00      0.71788788E+00      0.26163425E+00      0.65387217E+00
      1956      0.50742827E+00      0.44888493E+00      0.84458160E+00      0.32653504E+00      0.67531586E+00
      1957      0.57272811E+00      0.46279985E+00      0.88949839E+00      0.44758181E+00      0.71358744E+00
      1958      0.51408403E+00      0.43610633E+00      0.60235850E+00      0.34615194E+00      0.11846466E+01
      1959      0.48528361E+00      0.48083996E+00      0.59404246E+00      0.36829845E+00      0.72012583E+00
      1960      0.52274362E+00      0.41269709E+00      0.80932363E+00      0.36270734E+00      0.85556285E+00
      1961      0.48359007E+00      0.34792135E+00      0.83683777E+00      0.33416529E+00      0.71392059E+00
      1962      0.36900766E+00      0.25202064E+00      0.50251770E+00      0.34785761E+00      0.50465902E+00
      1963      0.30792728E+00      0.19015936E+00      0.40587616E+00      0.23840293E+00      0.69883728E+00
      1964      0.18118035E+00      0.66373865E-01      0.74938456E-01      0.23078400E+00      0.52414449E+00
      1965      0.30741296E+00      0.21379653E+00      0.34568787E+00      0.29421220E+00      0.53908285E+00
      1966      0.33119171E+00      0.26439167E+00      0.32079315E+00      0.27028763E+00      0.76559957E+00
      1967      0.30832720E+00      0.23184690E+00      0.41486613E+00      0.25531564E+00      0.50590515E+00
      1968      0.38591705E+00      0.31982017E+00      0.44593048E+00      0.42606071E+00      0.29742686E+00
      1969      0.56219818E+00      0.48934461E+00      0.71592967E+00      0.53958912E+00      0.54100291E+00
      1970      0.71253070E+00      0.40593158E+00      0.10208257E+01      0.60560478E+00      0.13449834E+01
      1971      0.47247884E+00      0.24861308E+00      0.64177449E+00      0.38607207E+00      0.10772374E+01
      1972      0.43514004E+00      0.37170136E+00      0.44623820E+00      0.44059086E+00      0.56764984E+00
      1973      0.61327114E+00      0.45569200E+00      0.83363851E+00      0.60905073E+00      0.62363179E+00
      1974      0.50977712E+00      0.41184207E+00      0.25488027E+00      0.69840660E+00      0.58045196E+00
      1975      0.61645208E+00      0.51379518E+00      0.45791880E+00      0.74688007E+00      0.72638957E+00
      1976      0.70000599E+00      0.61117206E+00      0.62387085E+00      0.79387206E+00      0.74451192E+00
      1977      0.74122138E+00      0.50854896E+00      0.96616872E+00      0.64548136E+00      0.12941106E+01
      1978      0.73493159E+00      0.50426133E+00      0.96520233E+00      0.67644166E+00      0.11315130E+01
      1979      0.71792775E+00      0.58899159E+00      0.77147166E+00      0.73176048E+00      0.91491191E+00
      1980      0.76746429E+00      0.68814138E+00      0.74803162E+00      0.76001952E+00      0.10534185E+01
      1981      0.87042545E+00      0.71032857E+00      0.11101252E+01      0.82635006E+00      0.99900564E+00
      1982      0.82129958E+00      0.60254922E+00      0.12586034E+01      0.68341389E+00      0.10695724E+01
      1983      0.74163389E+00      0.51193122E+00      0.11345647E+01      0.64106802E+00      0.96850840E+00
      1984      0.58334600E+00      0.49481506E+00      0.58740997E+00      0.51729577E+00      0.10682068E+01
      1985      0.73661864E+00      0.65270383E+00      0.10087535E+01      0.59539374E+00      0.95538839E+00
      1986      0.81498155E+00      0.84119151E+00      0.94194539E+00      0.74288153E+00      0.75989787E+00
      1987      0.89938627E+00      0.73135771E+00      0.10670573E+01      0.85580140E+00      0.11920853E+01
      1988      0.83948320E+00      0.59877965E+00      0.11525828E+01      0.70922235E+00      0.13681132E+01
      1989      0.82512823E+00      0.67508342E+00      0.10837911E+01      0.76653825E+00      0.94262187E+00
      1990      0.94527183E+00      0.90325814E+00      0.10817108E+01      0.93291141E+00      0.83493042E+00
      1991      0.10104080E+01      0.94305021E+00      0.96233368E+00      0.91723248E+00      0.16431096E+01
      1992      0.87162910E+00      0.64130262E+00      0.12590052E+01      0.77240043E+00      0.11063054E+01
      1993      0.87445805E+00      0.70892802E+00      0.81152852E+00      0.91340064E+00      0.13109970E+01
      1994      0.89680942E+00      0.64154231E+00      0.11617788E+01      0.73370073E+00      0.16854935E+01
      1995      0.75047694E+00      0.54995386E+00      0.10582911E+01      0.70195865E+00      0.87119548E+00
      1996      0.83657741E+00      0.58011878E+00      0.11881383E+01      0.85000752E+00      0.79124705E+00
      1997      0.91526727E+00      0.79564583E+00      0.10348918E+01      0.97338700E+00      0.78776042E+00
      1998      0.11307215E+01      0.97323446E+00      0.12894465E+01      0.11406422E+01      0.12109146E+01
      1999      0.12073082E+01      0.94165905E+00      0.15059509E+01      0.11227204E+01      0.16619314E+01
      2000      0.12021418E+01      0.10722823E+01      0.13691152E+01      0.11045647E+01      0.15939306E+01
      2001      0.13681091E+01      0.12293164E+01      0.17414093E+01      0.12482873E+01      0.14555995E+01
      2002      0.14514571E+01      0.12235403E+01      0.18768311E+01      0.12778749E+01      0.18831940E+01
      2003      0.13546535E+01      0.10426532E+01      0.19007238E+01      0.11624445E+01      0.18473002E+01
      2004      0.12854488E+01      0.10976854E+01      0.16403605E+01      0.12025818E+01      0.14059474E+01
      2005      0.13757480E+01      0.11727141E+01      0.18381348E+01      0.12948371E+01      0.13161138E+01
      2006      0.13994852E+01      0.12538984E+01      0.18064804E+01      0.12194265E+01      0.16649551E+01
      2007      0.14297406E+01      0.11997562E+01      0.19668121E+01      0.12104812E+01      0.18156255E+01
      2008      0.14452346E+01      0.12879556E+01      0.19607340E+01      0.11826878E+01      0.18363012E+01
      2009      0.14785512E+01      0.13683443E+01      0.20154800E+01      0.12456565E+01      0.15852025E+01
      2010      0.14728589E+01      0.14055172E+01      0.17178828E+01      0.12735404E+01      0.19186198E+01
      2011      0.14892666E+01      0.12394541E+01      0.19961904E+01      0.12512534E+01      0.20607605E+01
      2012      0.13551330E+01      0.11574869E+01      0.17152735E+01      0.12417043E+01      0.16074397E+01
      2013      0.13795214E+01      0.11623127E+01      0.17813085E+01      0.12774356E+01      0.15598933E+01
      2014      0.15257113E+01      0.14586392E+01      0.17839813E+01      0.13855457E+01      0.17217077E+01
      2015      0.16559346E+01      0.14976884E+01      0.23187332E+01      0.13766904E+01      0.18178889E+01
      2016      0.16528716E+01      0.14837734E+01      0.24129613E+01      0.13772200E+01      0.16367010E+01
      2017      0.16817642E+01      0.14991821E+01      0.23433762E+01      0.14106722E+01      0.18826370E+01
      2018      0.17381395E+01      0.15728463E+01      0.22626699E+01      0.15136963E+01      0.19899368E+01
      2019      0.17728241E+01      0.15310172E+01      0.22826742E+01      0.15992411E+01      0.20739746E+01
      2020      0.16885358E+01      0.13670959E+01      0.22202072E+01      0.14388440E+01      0.24522959E+01
      2021      0.16785518E+01      0.14685605E+01      0.21462860E+01      0.15044193E+01      0.19781291E+01
      2022      0.18541692E+01      0.16012892E+01      0.26078415E+01      0.16194461E+01      0.19282608E+01
      2023      0.18994687E+01      0.17405914E+01      0.22191849E+01      0.17499908E+01      0.22611618E+01
      2024      0.19360112E+01      0.16217503E+01      0.26032588E+01      0.16771516E+01      0.24432805E+01
      2025      0.19849821E+01      0.18175582E+01      0.25173874E+01      0.17952055E+01      0.20965017E+01
      2026      0.20578668E+01      0.18637495E+01      0.25161998E+01      0.18448614E+01      0.24786402E+01
      2027      0.20534389E+01      0.18126932E+01      0.25627136E+01      0.18366271E+01      0.25154317E+01
      2028      0.19938920E+01      0.17851669E+01      0.24447200E+01      0.17676323E+01      0.25198822E+01
      2029      0.20563776E+01      0.19801111E+01      0.26688919E+01      0.17632436E+01      0.21447322E+01
      2030      0.21117796E+01      0.18110330E+01      0.28556137E+01      0.18585924E+01      0.24072113E+01
      2031      0.21374352E+01      0.17957884E+01      0.28238424E+01      0.18478876E+01      0.27974675E+01
      2032      0.21203644E+01      0.19072514E+01      0.26618907E+01      0.18679625E+01      0.25754217E+01
      2033      0.22425707E+01      0.20780753E+01      0.28265177E+01      0.19562707E+01      0.26060308E+01
      2034      0.23265248E+01      0.20269418E+01      0.32211456E+01      0.19697263E+01      0.27069448E+01
      2035      0.21873031E+01      0.19368057E+01      0.27845790E+01      0.19033460E+01      0.27528203E+01
      2036      0.22662220E+01      0.20213742E+01      0.30414200E+01      0.18905727E+01      0.28052292E+01
      2037      0.23438621E+01      0.22326585E+01      0.29966176E+01      0.19876694E+01      0.26854477E+01
      2038      0.23024547E+01      0.20779736E+01      0.30024668E+01      0.19227155E+01      0.29509684E+01
      2039      0.23108373E+01      0.22332045E+01      0.29510040E+01      0.19584938E+01      0.25704015E+01
      2040      0.23504494E+01      0.21553213E+01      0.31585439E+01      0.20284750E+01      0.24844233E+01
      2041      0.24135475E+01      0.23000881E+01      0.30875804E+01      0.20588064E+01      0.27133484E+01
      2042      0.25209809E+01      0.22864167E+01      0.33900477E+01      0.20765699E+01      0.31025238E+01
      2043      0.25112887E+01      0.22123808E+01      0.34822896E+01      0.20867034E+01      0.29920909E+01
      2044      0.25607544E+01      0.24353363E+01      0.33348338E+01      0.21107149E+01      0.30519943E+01
      2045      0.26550988E+01      0.24581092E+01      0.36411285E+01      0.21951196E+01      0.29575043E+01
      2046      0.27085643E+01      0.24015509E+01      0.36012141E+01      0.22912157E+01      0.33412323E+01
      2047      0.26227469E+01      0.22366627E+01      0.35067037E+01      0.22828235E+01      0.31999207E+01
      2048      0.26444329E+01      0.23201103E+01      0.35940679E+01      0.22888253E+01      0.29786733E+01
      2049      0.26681945E+01      0.23066545E+01      0.34463857E+01      0.24280171E+01      0.30138753E+01
      2050      0.27188144E+01      0.24660129E+01      0.34642512E+01      0.23829955E+01      0.31894735E+01
      2051      0.27853384E+01      0.24918684E+01      0.37215907E+01      0.24000103E+01      0.31729380E+01
      2052      0.28528360E+01      0.25521871E+01      0.38035253E+01      0.24340006E+01      0.33574397E+01
      2053      0.28837382E+01      0.25309101E+01      0.38703512E+01      0.24164110E+01      0.36430308E+01
      2054      0.28558514E+01      0.24982911E+01      0.37690226E+01      0.24695411E+01      0.34703191E+01
      2055      0.28971110E+01      0.27025372E+01      0.36079687E+01      0.25389722E+01      0.33600744E+01
      2056      0.29988297E+01      0.27242595E+01      0.39362361E+01      0.25411392E+01      0.36041412E+01
      2057      0.31301213E+01      0.28363898E+01      0.43145777E+01      0.25996563E+01      0.35680262E+01
      2058      0.30659519E+01      0.27993676E+01      0.40423711E+01      0.25813028E+01      0.36725972E+01
      2059      0.32437784E+01      0.28557110E+01      0.45958481E+01      0.27072057E+01      0.36299794E+01
      2060      0.32410450E+01      0.28571887E+01      0.45252584E+01      0.26980941E+01      0.37753220E+01
      2061      0.33204302E+01      0.28701473E+01      0.47635549E+01      0.27987934E+01      0.36401672E+01
      2062      0.33306385E+01      0.31650078E+01      0.43504410E+01      0.28868977E+01      0.34178009E+01
      2063      0.35009856E+01      0.32089535E+01      0.47091065E+01      0.29504302E+01      0.39624456E+01
      2064      0.34997871E+01      0.31594258E+01      0.47756093E+01      0.29621477E+01      0.39107361E+01
      2065      0.34093165E+01      0.32903714E+01      0.42191137E+01      0.28903022E+01      0.40707194E+01
      2066      0.35327074E+01      0.31703194E+01      0.47656860E+01      0.29907698E+01      0.41063487E+01
      2067      0.36258676E+01      0.32527295E+01      0.49344533E+01      0.30504334E+01      0.42039973E+01
      2068      0.36301134E+01      0.32973209E+01      0.47759221E+01      0.30953027E+01      0.42695440E+01
      2069      0.36339905E+01      0.32781167E+01      0.46546783E+01      0.32269923E+01      0.41065928E+01
      2070      0.37621712E+01      0.33819634E+01      0.49993337E+01      0.32961270E+01      0.40911586E+01
      2071      0.38571640E+01      0.33687541E+01      0.51951141E+01      0.32394000E+01      0.48541743E+01
      2072      0.37760624E+01      0.33108255E+01      0.50340424E+01      0.32018182E+01      0.47052943E+01
      2073      0.37230547E+01      0.33190623E+01      0.49447225E+01      0.32523255E+01      0.41663462E+01
      2074      0.37724868E+01      0.35712666E+01      0.47271398E+01      0.33217664E+01      0.41144994E+01
      2075      0.40151503E+01      0.36162447E+01      0.53060583E+01      0.35139404E+01      0.44205780E+01
      2076      0.40417928E+01      0.35434883E+01      0.54179281E+01      0.34697751E+01      0.48176676E+01
      2077      0.40817125E+01      0.36393557E+01      0.54834747E+01      0.35105553E+01      0.46485748E+01
      2078      0.42109225E+01      0.38115849E+01      0.56575394E+01      0.36293824E+01      0.46083196E+01
      2079      0.43578325E+01      0.38834874E+01      0.57949041E+01      0.37568169E+01      0.50547485E+01
      2080      0.43106315E+01      0.37745769E+01      0.57428818E+01      0.36088944E+01      0.55665309E+01
      2081      0.42627274E+01      0.39243727E+01      0.57108332E+01      0.36399727E+01      0.46437632E+01
      2082      0.43802696E+01      0.39492570E+01      0.58478037E+01      0.37412756E+01      0.50394516E+01
      2083      0.43754553E+01      0.39167684E+01      0.56723887E+01      0.37878336E+01      0.52590154E+01
      2084      0.44038454E+01      0.39274463E+01      0.59049861E+01      0.37515844E+01      0.51710765E+01
      2085      0.43767680E+01      0.39366695E+01      0.57819163E+01      0.37408613E+01      0.51742020E+01
      2086      0.44579297E+01      0.40652296E+01      0.59174093E+01      0.38794473E+01      0.47997665E+01
      2087      0.45136259E+01      0.40795420E+01      0.59583638E+01      0.39148228E+01      0.50756887E+01
      2088      0.46695896E+01      0.42818020E+01      0.60137329E+01      0.40323615E+01      0.54495265E+01
      2089      0.47415158E+01      0.43620675E+01      0.61472066E+01      0.40499930E+01      0.55795771E+01
      2090      0.48205122E+01      0.44284093E+01      0.63315659E+01      0.41468690E+01      0.54155375E+01
      2091      0.48931474E+01      0.43944804E+01      0.65719147E+01      0.41230523E+01      0.58099086E+01
      2092      0.48990726E+01      0.44243010E+01      0.64241537E+01      0.42133083E+01      0.57399648E+01
      2093      0.49365069E+01      0.44526799E+01      0.65554657E+01      0.41534235E+01      0.59807587E+01
      2094      0.48481846E+01      0.42878460E+01      0.66811905E+01      0.40815469E+01      0.56137924E+01
      2095      0.48029251E+01      0.45050348E+01      0.61452230E+01      0.41239969E+01      0.54951375E+01
      2096      0.49594872E+01      0.44918396E+01      0.66380310E+01      0.41717125E+01      0.58575312E+01
      2097      0.49350286E+01      0.43772636E+01      0.67336146E+01      0.41305853E+01      0.59045893E+01
      2098      0.49369362E+01      0.45308433E+01      0.63978195E+01      0.43327691E+01      0.54095790E+01
      2099      0.49803406E+01      0.45407988E+01      0.61728032E+01      0.44045693E+01      0.59753850E+01
      2100      0.51443324E+01      0.46005235E+01      0.67389475E+01      0.44192907E+01      0.61845881E+01
      2101      0.51506783E+01      0.47318259E+01      0.67832947E+01      0.43755226E+01      0.59583384E+01
      2102      0.52249536E+01      0.46041417E+01      0.71317113E+01      0.43958389E+01      0.62451121E+01
      2103      0.52791234E+01      0.47215428E+01      0.70474574E+01      0.45429803E+01      0.60517400E+01
      2104      0.53610172E+01      0.47378120E+01      0.69916509E+01      0.46374461E+01      0.65429891E+01
      2105      0.53095182E+01      0.45567648E+01      0.71958135E+01      0.45218491E+01      0.65790965E+01
      2106      0.51619143E+01      0.45913778E+01      0.66712875E+01      0.45423567E+01      0.60496521E+01
      2107      0.51780770E+01      0.45725345E+01      0.67304713E+01      0.45726947E+01      0.60231298E+01
      2108      0.52408262E+01      0.46299725E+01      0.68390172E+01      0.46141479E+01      0.60890681E+01
      2109      0.53034011E+01      0.46700398E+01      0.69621989E+01      0.46402102E+01      0.62299499E+01
      2110      0.53616241E+01      0.47542874E+01      0.69725621E+01      0.46865746E+01      0.63566259E+01
      2111      0.55059665E+01      0.48528043E+01      0.72324626E+01      0.47883932E+01      0.65563889E+01
      2112      0.55404939E+01      0.49432692E+01      0.71225408E+01      0.48500991E+01      0.66230774E+01
      2113      0.55455735E+01      0.49904710E+01      0.71058934E+01      0.48340958E+01      0.66345851E+01
      2114      0.56816265E+01      0.49727876E+01      0.76776530E+01      0.49006052E+01      0.65854467E+01
      2115      0.56162254E+01      0.50096770E+01      0.72551727E+01      0.48767075E+01      0.67955551E+01
      2116      0.55991909E+01      0.49621254E+01      0.73729502E+01      0.49279578E+01      0.63363012E+01
      2117      0.56891518E+01      0.51450014E+01      0.72576269E+01      0.50048845E+01      0.66292419E+01
      2118      0.57560092E+01      0.51052692E+01      0.74887721E+01      0.50178399E+01      0.68646876E+01
      2119      0.57584812E+01      0.51383610E+01      0.73254395E+01      0.50550393E+01      0.69835586E+01
      2120      0.58455711E+01      0.50614102E+01      0.77976074E+01      0.51075917E+01      0.68834839E+01
      2121      0.58483998E+01      0.51127148E+01      0.76705195E+01      0.51129541E+01      0.70027288E+01
      2122      0.58528306E+01      0.51279711E+01      0.76389262E+01      0.50948767E+01      0.71339823E+01
      2123      0.58195632E+01      0.51192292E+01      0.76211421E+01      0.51411130E+01      0.67029266E+01
      2124      0.59930035E+01      0.52169307E+01      0.78383255E+01      0.53553841E+01      0.68444621E+01
      2125      0.60456121E+01      0.52780304E+01      0.76978760E+01      0.54409637E+01      0.71357015E+01
      2126      0.60888240E+01      0.52340936E+01      0.77713114E+01      0.53748658E+01      0.77703756E+01
      2127      0.60930938E+01      0.52956151E+01      0.78743795E+01      0.53879936E+01      0.73856023E+01
      2128      0.60672153E+01      0.53885579E+01      0.76726023E+01      0.54111610E+01      0.71988424E+01
      2129      0.61130935E+01      0.54163056E+01      0.78947525E+01      0.54152748E+01      0.70993652E+01
      2130      0.62318037E+01      0.55026888E+01      0.79709422E+01      0.55395784E+01      0.73713582E+01
      2131      0.63146943E+01      0.55424939E+01      0.79180450E+01      0.56597554E+01      0.77045542E+01
      2132      0.63341907E+01      0.55509845E+01      0.80640869E+01      0.56304055E+01      0.76851120E+01
      2133      0.64320636E+01      0.55974932E+01      0.84475683E+01      0.56828147E+01      0.75246607E+01
      2134      0.64159564E+01      0.56598878E+01      0.81262970E+01      0.57094986E+01      0.77410914E+01
      2135      0.65355192E+01      0.57858598E+01      0.84043783E+01      0.57722611E+01      0.77395935E+01
      2136      0.65863621E+01      0.57687764E+01      0.85805257E+01      0.57639799E+01      0.79498520E+01
      2137      0.66458134E+01      0.57755314E+01      0.87193934E+01      0.57696680E+01      0.81982651E+01
      2138      0.65237920E+01      0.57560964E+01      0.82978541E+01      0.57400745E+01      0.80442403E+01
      2139      0.65594798E+01      0.56960451E+01      0.87115885E+01      0.57347109E+01      0.77426885E+01
      2140      0.65123012E+01      0.56279896E+01      0.86110128E+01      0.57295369E+01      0.77019475E+01
      2141      0.65064395E+01      0.57771461E+01      0.82294261E+01      0.58652002E+01      0.74869868E+01
      2142      0.66210938E+01      0.57360449E+01      0.85172755E+01      0.59244600E+01      0.78938217E+01
      2143      0.66186901E+01      0.56727106E+01      0.86626155E+01      0.58249549E+01      0.81295013E+01
      2144      0.65582153E+01      0.56425507E+01      0.84891154E+01      0.58969752E+01      0.77129161E+01
      2145      0.67002390E+01      0.58295799E+01      0.84889196E+01      0.60432746E+01      0.79989929E+01
      2146      0.68334675E+01      0.59236612E+01      0.86879501E+01      0.61207526E+01      0.83184662E+01
      2147      0.68703197E+01      0.58269331E+01      0.90258255E+01      0.60847588E+01      0.83962479E+01
      2148      0.67728124E+01      0.57737817E+01      0.86942164E+01      0.61040716E+01      0.82049713E+01
      2149      0.67797395E+01      0.60294545E+01      0.82482885E+01      0.62023539E+01      0.80869268E+01
      2150      0.68967369E+01      0.61057475E+01      0.83419418E+01      0.62849781E+01      0.84923426E+01
      2151      0.69776312E+01      0.59849484E+01      0.89769770E+01      0.61787933E+01      0.87257868E+01
      2152      0.69236488E+01      0.59620838E+01      0.88344676E+01      0.61811237E+01      0.85510712E+01
      2153      0.69112207E+01      0.59201937E+01      0.88694941E+01      0.61620823E+01      0.85499827E+01
      2154      0.69162433E+01      0.59379012E+01      0.88114243E+01      0.62219350E+01      0.84398905E+01
      2155      0.70364052E+01      0.60350387E+01      0.90634460E+01      0.62805781E+01      0.85913518E+01
      2156      0.70440105E+01      0.60412883E+01      0.89371541E+01      0.63368130E+01      0.86875560E+01
      2157      0.70872200E+01      0.60621779E+01      0.90611979E+01      0.63758075E+01      0.86465988E+01
      2158      0.71846449E+01      0.60971062E+01      0.93821920E+01      0.64127553E+01      0.86970037E+01
      2159      0.72210118E+01      0.61450655E+01      0.91801300E+01      0.64918384E+01      0.90175171E+01
      2160      0.72007414E+01      0.60402786E+01      0.92281265E+01      0.64614840E+01      0.91320750E+01
      2161      0.71300328E+01      0.60384014E+01      0.91347300E+01      0.64760246E+01      0.85959371E+01
      2162      0.70939648E+01      0.60292993E+01      0.90450897E+01      0.64773931E+01      0.84517034E+01
      2163      0.72290577E+01      0.61196962E+01      0.93146566E+01      0.65786134E+01      0.85687205E+01
      2164      0.73878365E+01      0.61849708E+01      0.95325216E+01      0.66073370E+01      0.93568319E+01
      2165      0.73329890E+01      0.61629926E+01      0.93720093E+01      0.66140964E+01      0.91907730E+01
      2166      0.72211491E+01      0.61389851E+01      0.89330724E+01      0.66685296E+01      0.88650385E+01
      2167      0.73162380E+01      0.62390242E+01      0.91730423E+01      0.67268227E+01      0.87951152E+01
      2168      0.74411246E+01      0.62974430E+01      0.93239924E+01      0.67993533E+01      0.92484105E+01
      2169      0.74934622E+01      0.63118720E+01      0.94078980E+01      0.67924509E+01      0.95651677E+01
      2170      0.74990765E+01      0.63190385E+01      0.95428340E+01      0.68310161E+01      0.91838938E+01
      2171      0.74912171E+01      0.63765170E+01      0.94097214E+01      0.68170022E+01      0.92692363E+01
      2172      0.75523208E+01      0.63979944E+01      0.96664734E+01      0.68357389E+01      0.92078679E+01
      2173      0.74831086E+01      0.64127706E+01      0.93387070E+01      0.67888784E+01      0.93397115E+01
      2174      0.75588797E+01      0.64146454E+01      0.95576935E+01      0.69557912E+01      0.89902802E+01
      2175      0.76663860E+01      0.64730445E+01      0.96386871E+01      0.70071742E+01      0.94975713E+01
      2176      0.76867557E+01      0.63658154E+01      0.98831714E+01      0.70305942E+01      0.94106521E+01
      2177      0.75999283E+01      0.63466677E+01      0.95321916E+01      0.69996111E+01      0.94551241E+01
      2178      0.76897530E+01      0.64210700E+01      0.96217768E+01      0.71460287E+01      0.93751261E+01
      2179      0.78233448E+01      0.64333052E+01      0.98091896E+01      0.71763694E+01      0.10124673E+02
      2180      0.77401639E+01      0.64859666E+01      0.96210760E+01      0.71438699E+01      0.96855145E+01
      2181      0.77669387E+01      0.65566781E+01      0.96831626E+01      0.71811051E+01      0.94809651E+01
      2182      0.77965246E+01      0.65874996E+01      0.97321064E+01      0.72114153E+01      0.94656979E+01
      2183      0.78224918E+01      0.65856529E+01      0.97893087E+01      0.71718743E+01      0.97524503E+01
      2184      0.79133926E+01      0.66315961E+01      0.10019094E+02      0.72410450E+01      0.97714985E+01
      2185      0.79360253E+01      0.66374486E+01      0.98363581E+01      0.73169173E+01      0.10050930E+02
      2186      0.79177114E+01      0.65544176E+01      0.99586590E+01      0.72297840E+01      0.10189021E+02
      2187      0.78621379E+01      0.65655549E+01      0.10004854E+02      0.71956963E+01      0.96648347E+01
      2188      0.78264142E+01      0.66493389E+01      0.96472096E+01      0.72965446E+01      0.94291118E+01
      2189      0.79415208E+01      0.66781242E+01      0.97615061E+01      0.73626834E+01      0.99684619E+01
      2190      0.80102324E+01      0.67057934E+01      0.10079869E+02      0.73607467E+01      0.99169986E+01
      2191      0.80167994E+01      0.66529741E+01      0.10245436E+02      0.73169547E+01      0.99590310E+01
      2192      0.79333323E+01      0.66435707E+01      0.99880273E+01      0.72803302E+01      0.98426731E+01
      2193      0.80125458E+01      0.67063946E+01      0.10104891E+02      0.73578273E+01      0.98983100E+01
      2194      0.79933950E+01      0.67654534E+01      0.98008695E+01      0.74260878E+01      0.99040593E+01
      2195      0.80666126E+01      0.67370350E+01      0.10164858E+02      0.74082516E+01      0.10018980E+02
      2196      0.80025912E+01      0.67341262E+01      0.10064097E+02      0.74131050E+01      0.96005505E+01
      2197      0.80218910E+01      0.68084120E+01      0.97646887E+01      0.74929614E+01      0.98775917E+01
      2198      0.80769288E+01      0.67908393E+01      0.10100217E+02      0.74611486E+01      0.98989166E+01
      2199      0.80926450E+01      0.67103638E+01      0.10024198E+02      0.75296778E+01      0.10165097E+02
      2200      0.81849601E+01      0.67830870E+01      0.10161548E+02      0.76075958E+01      0.10275614E+02
      2201      0.82185239E+01      0.68679953E+01      0.99894194E+01      0.76668205E+01      0.10482220E+02
      2202      0.82632340E+01      0.68370884E+01      0.10337667E+02      0.76460945E+01      0.10374866E+02
      2203      0.81321791E+01      0.67181995E+01      0.10008812E+02      0.75714483E+01      0.10393606E+02
      2204      0.81582751E+01      0.67026606E+01      0.10253144E+02      0.75640953E+01      0.10224053E+02
      2205      0.81529766E+01      0.67562197E+01      0.10247311E+02      0.75814709E+01      0.99719676E+01
      2206      0.82490867E+01      0.68359790E+01      0.10397205E+02      0.76394224E+01      0.10149219E+02
      2207      0.83207630E+01      0.67652634E+01      0.10479518E+02      0.76959315E+01      0.10649951E+02
      2208      0.81671625E+01      0.67617600E+01      0.10052150E+02      0.76718133E+01      0.10142233E+02
      2209      0.82514520E+01      0.68788561E+01      0.10219514E+02      0.76803070E+01      0.10254900E+02
      2210      0.82844569E+01      0.68524754E+01      0.10480906E+02      0.77043015E+01      0.10029044E+02
      2211      0.83396598E+01      0.70107105E+01      0.10378674E+02      0.77585663E+01      0.10118081E+02
      2212      0.84255061E+01      0.70174738E+01      0.10663997E+02      0.77898895E+01      0.10228505E+02
      2213      0.83025735E+01      0.69184019E+01      0.10411328E+02      0.76758281E+01      0.10265771E+02
      2214      0.83896202E+01      0.69175442E+01      0.10529961E+02      0.78256563E+01      0.10296251E+02
      2215      0.83636252E+01      0.69601847E+01      0.10465683E+02      0.77167538E+01      0.10469147E+02
      2216      0.84174497E+01      0.70579782E+01      0.10507122E+02      0.77783920E+01      0.10396911E+02
      2217      0.84362187E+01      0.70481015E+01      0.10566503E+02      0.78131393E+01      0.10353463E+02
      2218      0.83897481E+01      0.70240485E+01      0.10333090E+02      0.78102693E+01      0.10454940E+02
      2219      0.84434931E+01      0.69580265E+01      0.10664318E+02      0.78178216E+01      0.10458276E+02
      2220      0.84475172E+01      0.70421818E+01      0.10443877E+02      0.78437735E+01      0.10607427E+02
      2221      0.84180209E+01      0.69794592E+01      0.10431319E+02      0.78096034E+01      0.10653405E+02
      2222      0.84238124E+01      0.69516325E+01      0.10575254E+02      0.78347039E+01      0.10403121E+02
      2223      0.84085153E+01      0.69397110E+01      0.10417250E+02      0.78315080E+01      0.10618390E+02
      2224      0.83603272E+01      0.70049701E+01      0.10076596E+02      0.79135342E+01      0.10351950E+02
      2225      0.85840278E+01      0.71614754E+01      0.10832148E+02      0.79220577E+01      0.10507011E+02
      2226      0.85714685E+01      0.71969407E+01      0.10574674E+02      0.79480877E+01      0.10706472E+02
      2227      0.85182760E+01      0.70590358E+01      0.10574891E+02      0.79261558E+01      0.10662828E+02
      2228      0.85512691E+01      0.71687661E+01      0.10483352E+02      0.79965161E+01      0.10592373E+02
      2229      0.86219669E+01      0.71648673E+01      0.10717123E+02      0.79865305E+01      0.10846476E+02
      2230      0.85569427E+01      0.70355443E+01      0.10638256E+02      0.79347311E+01      0.10936974E+02
      2231      0.84611654E+01      0.69945295E+01      0.10540284E+02      0.78541130E+01      0.10637311E+02
      2232      0.84767197E+01      0.70747149E+01      0.10537054E+02      0.79022145E+01      0.10389488E+02
      2233      0.85315030E+01      0.71565601E+01      0.10588563E+02      0.79568770E+01      0.10376533E+02
      2234      0.86160290E+01      0.72017040E+01      0.10568602E+02      0.80499723E+01      0.10746566E+02
      2235      0.87139516E+01      0.71815272E+01      0.10881847E+02      0.80539165E+01      0.11093560E+02
      2236      0.85750718E+01      0.70830433E+01      0.10803514E+02      0.79307833E+01      0.10662780E+02
      2237      0.85807250E+01      0.71652769E+01      0.10788025E+02      0.79729512E+01      0.10361844E+02
      2238      0.85751848E+01      0.71357632E+01      0.10539050E+02      0.80681932E+01      0.10530255E+02
      2239      0.86486777E+01      0.71431238E+01      0.10859773E+02      0.80344501E+01      0.10695348E+02
      2240      0.86677667E+01      0.72072641E+01      0.10659569E+02      0.80596463E+01      0.11005623E+02
      2241      0.86613558E+01      0.72457247E+01      0.10708999E+02      0.80606646E+01      0.10735650E+02
      2242      0.86784533E+01      0.71916244E+01      0.10862445E+02      0.80423525E+01      0.10809899E+02
      2243      0.87154526E+01      0.72501692E+01      0.10846828E+02      0.80607942E+01      0.10962437E+02
      2244      0.86886660E+01      0.71703924E+01      0.10794661E+02      0.80678086E+01      0.11005609E+02
      2245      0.86563827E+01      0.71721127E+01      0.10674872E+02      0.81110803E+01      0.10770192E+02
      2246      0.87598015E+01      0.73075926E+01      0.10748695E+02      0.81565350E+01      0.11062309E+02
      2247      0.87257739E+01      0.72037267E+01      0.10882684E+02      0.81163246E+01      0.10908393E+02
      2248      0.87077021E+01      0.72573540E+01      0.10783209E+02      0.81002411E+01      0.10847622E+02
      2249      0.87643840E+01      0.73264921E+01      0.10910756E+02      0.81330962E+01      0.10817805E+02
      2250      0.87226715E+01      0.72082144E+01      0.10775702E+02      0.81233856E+01      0.11053853E+02
      2251      0.86715185E+01      0.72194378E+01      0.10768014E+02      0.81206724E+01      0.10561266E+02
      2252      0.87886620E+01      0.72468590E+01      0.10952706E+02      0.82173331E+01      0.10868172E+02
      2253      0.88191131E+01      0.72901486E+01      0.10955705E+02      0.82303061E+01      0.10983818E+02
      2254      0.87963084E+01      0.72674630E+01      0.10955035E+02      0.82175534E+01      0.10878602E+02
      2255      0.87426645E+01      0.72380939E+01      0.10789976E+02      0.82096190E+01      0.10808790E+02
      2256      0.87622642E+01      0.72935048E+01      0.10795905E+02      0.82128433E+01      0.10818426E+02
      2257      0.88369411E+01      0.73361640E+01      0.10974103E+02      0.82806766E+01      0.10800235E+02
      2258      0.88197116E+01      0.71945086E+01      0.11113348E+02      0.81911113E+01      0.11085828E+02
      2259      0.87324898E+01      0.72045471E+01      0.10717153E+02      0.82038016E+01      0.10972070E+02
      2260      0.87156165E+01      0.71794229E+01      0.10652617E+02      0.82100274E+01      0.10986414E+02
      2261      0.87879044E+01      0.73085602E+01      0.10555815E+02      0.82947344E+01      0.11193149E+02
      2262      0.88445354E+01      0.73689870E+01      0.10892380E+02      0.82818630E+01      0.10940891E+02
      2263      0.88536136E+01      0.72930695E+01      0.10975442E+02      0.82717936E+01      0.11108782E+02
      2264      0.88223358E+01      0.72673229E+01      0.10854350E+02      0.83153184E+01      0.10960456E+02
      2265      0.88397677E+01      0.72684892E+01      0.10640355E+02      0.83855109E+01      0.11287185E+02
      2266      0.88804110E+01      0.71438341E+01      0.11158433E+02      0.82978697E+01      0.11312091E+02
      2267      0.88109722E+01      0.71673809E+01      0.10887604E+02      0.83572673E+01      0.10903946E+02
      2268      0.88341403E+01      0.71771692E+01      0.10962135E+02      0.83244423E+01      0.11071982E+02
      2269      0.88053189E+01      0.72249291E+01      0.10750423E+02      0.83469380E+01      0.11004382E+02
      2270      0.87963351E+01      0.72594780E+01      0.10724997E+02      0.83293856E+01      0.10940285E+02
      2271      0.88350655E+01      0.72717731E+01      0.10791337E+02      0.83575667E+01      0.11036493E+02
      2272      0.88394942E+01      0.72719702E+01      0.10921591E+02      0.82990847E+01      0.11037622E+02
      2273      0.87851780E+01      0.73570173E+01      0.10638193E+02      0.83361101E+01      0.10712944E+02
      2274      0.89624020E+01      0.74758410E+01      0.10933750E+02      0.83939040E+01      0.11264081E+02
      2275      0.89246081E+01      0.74177724E+01      0.11068225E+02      0.83186244E+01      0.11078763E+02
      2276      0.89375558E+01      0.74575594E+01      0.11047827E+02      0.83697039E+01      0.10940827E+02
      2277      0.90040604E+01      0.74422037E+01      0.11194185E+02      0.83609406E+01      0.11356866E+02
      2278      0.90136028E+01      0.73929773E+01      0.11332387E+02      0.83797791E+01      0.11236432E+02
      2279      0.89689916E+01      0.74270408E+01      0.11067753E+02      0.84064260E+01      0.11146508E+02
      2280      0.90464139E+01      0.74984076E+01      0.11271037E+02      0.83604271E+01      0.11453232E+02
      2281      0.90612966E+01      0.75367314E+01      0.11323470E+02      0.83412902E+01      0.11456249E+02
      2282      0.89841181E+01      0.75541076E+01      0.10849300E+02      0.84860080E+01      0.11077150E+02
      2283      0.90041922E+01      0.74463420E+01      0.11169399E+02      0.83858038E+01      0.11302730E+02
      2284      0.89363248E+01      0.73933771E+01      0.11051388E+02      0.83510164E+01      0.11169547E+02
      2285      0.89507812E+01      0.73819181E+01      0.10936510E+02      0.84142475E+01      0.11330763E+02
      2286      0.89926530E+01      0.74126686E+01      0.11000423E+02      0.84037325E+01      0.11556342E+02
      2287      0.89690042E+01      0.74097999E+01      0.11043904E+02      0.84412987E+01      0.11110757E+02
      2288      0.89630821E+01      0.75089970E+01      0.10898116E+02      0.84429318E+01      0.11065814E+02
      2289      0.90424552E+01      0.74863261E+01      0.11101483E+02      0.84764994E+01      0.11351353E+02
      2290      0.90733451E+01      0.75479283E+01      0.11151386E+02      0.84632455E+01      0.11425456E+02
      2291      0.91132376E+01      0.74838245E+01      0.11396032E+02      0.85281195E+01      0.11249092E+02
      2292      0.89887900E+01      0.74259964E+01      0.11105899E+02      0.84441098E+01      0.11119895E+02
      2293      0.90431083E+01      0.75756437E+01      0.11128286E+02      0.84659907E+01      0.11096812E+02
      2294      0.90432260E+01      0.75296962E+01      0.11120884E+02      0.84947305E+01      0.11131523E+02
      2295      0.90410162E+01      0.74590762E+01      0.11255311E+02      0.84720694E+01      0.11121919E+02
      2296      0.90639484E+01      0.75195513E+01      0.11157120E+02      0.85102727E+01      0.11225960E+02
      2297      0.90871119E+01      0.75947722E+01      0.11140201E+02      0.85532041E+01      0.11111144E+02
      2298      0.90773565E+01      0.74932350E+01      0.11197425E+02      0.85288854E+01      0.11275709E+02
      2299      0.90644075E+01      0.74875177E+01      0.11110836E+02      0.85126290E+01      0.11402508E+02
      2300      0.90900562E+01      0.75360243E+01      0.11082419E+02      0.85820707E+01      0.11308412E+02
      2301      0.91166215E+01      0.75360243E+01      0.11090520E+02      0.85820707E+01      0.11545212E+02
      2302      0.91166215E+01      0.75360243E+01      0.11090520E+02      0.85820707E+01      0.11545212E+02
      2303      0.91166215E+01      0.75360243E+01      0.11090520E+02      0.85820707E+01      0.11545212E+02
      2304      0.91166215E+01      0.75360243E+01      0.11090520E+02      0.85820707E+01      0.11545212E+02
      2305      0.91166215E+01      0.75360243E+01      0.11090520E+02      0.85820707E+01      0.11545212E+02
      2306      0.91166215E+01      0.75360243E+01      0.11090520E+02      0.85820707E+01      0.11545212E+02
      2307      0.91166215E+01      0.75360243E+01      0.11090520E+02      0.85820707E+01      0.11545212E+02
      2308      0.91166215E+01      0.75360243E+01      0.11090520E+02      0.85820707E+01      0.11545212E+02
      2309      0.91166215E+01      0.75360243E+01      0.11090520E+02      0.85820707E+01      0.11545212E+02
      2310      0.91166215E+01      0.75360243E+01      0.11090520E+02      0.85820707E+01      0.11545212E+02
      2311      0.91166215E+01      0.75360243E+01      0.11090520E+02      0.85820707E+01      0.11545212E+02
      2312      0.91166215E+01      0.75360243E+01      0.11090520E+02      0.85820707E+01      0.11545212E+02
      2313      0.91166215E+01      0.75360243E+01      0.11090520E+02      0.85820707E+01      0.11545212E+02
      2314      0.91166215E+01      0.75360243E+01      0.11090520E+02      0.85820707E+01      0.11545212E+02
      2315      0.91166215E+01      0.75360243E+01      0.11090520E+02      0.85820707E+01      0.11545212E+02
      2316      0.91166215E+01      0.75360243E+01      0.11090520E+02      0.85820707E+01      0.11545212E+02
      2317      0.91166215E+01      0.75360243E+01      0.11090520E+02      0.85820707E+01      0.11545212E+02
      2318      0.91166215E+01      0.75360243E+01      0.11090520E+02      0.85820707E+01      0.11545212E+02
      2319      0.91166215E+01      0.75360243E+01      0.11090520E+02      0.85820707E+01      0.11545212E+02
      2320      0.91166215E+01      0.75360243E+01      0.11090520E+02      0.85820707E+01      0.11545212E+02
      2321      0.91166215E+01      0.75360243E+01      0.11090520E+02      0.85820707E+01      0.11545212E+02
      2322      0.91166215E+01      0.75360243E+01      0.11090520E+02      0.85820707E+01      0.11545212E+02
      2323      0.91166215E+01      0.75360243E+01      0.11090520E+02      0.85820707E+01      0.11545212E+02
      2324      0.91166215E+01      0.75360243E+01      0.11090520E+02      0.85820707E+01      0.11545212E+02
      2325      0.91166215E+01      0.75360243E+01      0.11090520E+02      0.85820707E+01      0.11545212E+02
      2326      0.91166215E+01      0.75360243E+01      0.11090520E+02      0.85820707E+01      0.11545212E+02
      2327      0.91166215E+01      0.75360243E+01      0.11090520E+02      0.85820707E+01      0.11545212E+02
      2328      0.91166215E+01      0.75360243E+01      0.11090520E+02      0.85820707E+01      0.11545212E+02
      2329      0.91166215E+01      0.75360243E+01      0.11090520E+02      0.85820707E+01      0.11545212E+02
      2330      0.91166215E+01      0.75360243E+01      0.11090520E+02      0.85820707E+01      0.11545212E+02
      2331      0.91166215E+01      0.75360243E+01      0.11090520E+02      0.85820707E+01      0.11545212E+02
      2332      0.91166215E+01      0.75360243E+01      0.11090520E+02      0.85820707E+01      0.11545212E+02
      2333      0.91166215E+01      0.75360243E+01      0.11090520E+02      0.85820707E+01      0.11545212E+02
      2334      0.91166215E+01      0.75360243E+01      0.11090520E+02      0.85820707E+01      0.11545212E+02
      2335      0.91166215E+01      0.75360243E+01      0.11090520E+02      0.85820707E+01      0.11545212E+02
      2336      0.91166215E+01      0.75360243E+01      0.11090520E+02      0.85820707E+01      0.11545212E+02
      2337      0.91166215E+01      0.75360243E+01      0.11090520E+02      0.85820707E+01      0.11545212E+02
      2338      0.91166215E+01      0.75360243E+01      0.11090520E+02      0.85820707E+01      0.11545212E+02
      2339      0.91166215E+01      0.75360243E+01      0.11090520E+02      0.85820707E+01      0.11545212E+02
      2340      0.91166215E+01      0.75360243E+01      0.11090520E+02      0.85820707E+01      0.11545212E+02
      2341      0.91166215E+01      0.75360243E+01      0.11090520E+02      0.85820707E+01      0.11545212E+02
      2342      0.91166215E+01      0.75360243E+01      0.11090520E+02      0.85820707E+01      0.11545212E+02
      2343      0.91166215E+01      0.75360243E+01      0.11090520E+02      0.85820707E+01      0.11545212E+02
      2344      0.91166215E+01      0.75360243E+01      0.11090520E+02      0.85820707E+01      0.11545212E+02
      2345      0.91166215E+01      0.75360243E+01      0.11090520E+02      0.85820707E+01      0.11545212E+02
      2346      0.91166215E+01      0.75360243E+01      0.11090520E+02      0.85820707E+01      0.11545212E+02
      2347      0.91166215E+01      0.75360243E+01      0.11090520E+02      0.85820707E+01      0.11545212E+02
      2348      0.91166215E+01      0.75360243E+01      0.11090520E+02      0.85820707E+01      0.11545212E+02
      2349      0.91166215E+01      0.75360243E+01      0.11090520E+02      0.85820707E+01      0.11545212E+02
      2350      0.91166215E+01      0.75360243E+01      0.11090520E+02      0.85820707E+01      0.11545212E+02
      2351      0.91166215E+01      0.75360243E+01      0.11090520E+02      0.85820707E+01      0.11545212E+02
      2352      0.91166215E+01      0.75360243E+01      0.11090520E+02      0.85820707E+01      0.11545212E+02
      2353      0.91166215E+01      0.75360243E+01      0.11090520E+02      0.85820707E+01      0.11545212E+02
      2354      0.91166215E+01      0.75360243E+01      0.11090520E+02      0.85820707E+01      0.11545212E+02
      2355      0.91166215E+01      0.75360243E+01      0.11090520E+02      0.85820707E+01      0.11545212E+02
      2356      0.91166215E+01      0.75360243E+01      0.11090520E+02      0.85820707E+01      0.11545212E+02
      2357      0.91166215E+01      0.75360243E+01      0.11090520E+02      0.85820707E+01      0.11545212E+02
      2358      0.91166215E+01      0.75360243E+01      0.11090520E+02      0.85820707E+01      0.11545212E+02
      2359      0.91166215E+01      0.75360243E+01      0.11090520E+02      0.85820707E+01      0.11545212E+02
      2360      0.91166215E+01      0.75360243E+01      0.11090520E+02      0.85820707E+01      0.11545212E+02
      2361      0.91166215E+01      0.75360243E+01      0.11090520E+02      0.85820707E+01      0.11545212E+02
      2362      0.91166215E+01      0.75360243E+01      0.11090520E+02      0.85820707E+01      0.11545212E+02
      2363      0.91166215E+01      0.75360243E+01      0.11090520E+02      0.85820707E+01      0.11545212E+02
      2364      0.91166215E+01      0.75360243E+01      0.11090520E+02      0.85820707E+01      0.11545212E+02
      2365      0.91166215E+01      0.75360243E+01      0.11090520E+02      0.85820707E+01      0.11545212E+02
      2366      0.91166215E+01      0.75360243E+01      0.11090520E+02      0.85820707E+01      0.11545212E+02
      2367      0.91166215E+01      0.75360243E+01      0.11090520E+02      0.85820707E+01      0.11545212E+02
      2368      0.91166215E+01      0.75360243E+01      0.11090520E+02      0.85820707E+01      0.11545212E+02
      2369      0.91166215E+01      0.75360243E+01      0.11090520E+02      0.85820707E+01      0.11545212E+02
      2370      0.91166215E+01      0.75360243E+01      0.11090520E+02      0.85820707E+01      0.11545212E+02
      2371      0.91166215E+01      0.75360243E+01      0.11090520E+02      0.85820707E+01      0.11545212E+02
      2372      0.91166215E+01      0.75360243E+01      0.11090520E+02      0.85820707E+01      0.11545212E+02
      2373      0.91166215E+01      0.75360243E+01      0.11090520E+02      0.85820707E+01      0.11545212E+02
      2374      0.91166215E+01      0.75360243E+01      0.11090520E+02      0.85820707E+01      0.11545212E+02
      2375      0.91166215E+01      0.75360243E+01      0.11090520E+02      0.85820707E+01      0.11545212E+02
      2376      0.91166215E+01      0.75360243E+01      0.11090520E+02      0.85820707E+01      0.11545212E+02
      2377      0.91166215E+01      0.75360243E+01      0.11090520E+02      0.85820707E+01      0.11545212E+02
      2378      0.91166215E+01      0.75360243E+01      0.11090520E+02      0.85820707E+01      0.11545212E+02
      2379      0.91166215E+01      0.75360243E+01      0.11090520E+02      0.85820707E+01      0.11545212E+02
      2380      0.91166215E+01      0.75360243E+01      0.11090520E+02      0.85820707E+01      0.11545212E+02
      2381      0.91166215E+01      0.75360243E+01      0.11090520E+02      0.85820707E+01      0.11545212E+02
      2382      0.91166215E+01      0.75360243E+01      0.11090520E+02      0.85820707E+01      0.11545212E+02
      2383      0.91166215E+01      0.75360243E+01      0.11090520E+02      0.85820707E+01      0.11545212E+02
      2384      0.91166215E+01      0.75360243E+01      0.11090520E+02      0.85820707E+01      0.11545212E+02
      2385      0.91166215E+01      0.75360243E+01      0.11090520E+02      0.85820707E+01      0.11545212E+02
      2386      0.91166215E+01      0.75360243E+01      0.11090520E+02      0.85820707E+01      0.11545212E+02
      2387      0.91166215E+01      0.75360243E+01      0.11090520E+02      0.85820707E+01      0.11545212E+02
      2388      0.91166215E+01      0.75360243E+01      0.11090520E+02      0.85820707E+01      0.11545212E+02
      2389      0.91166215E+01      0.75360243E+01      0.11090520E+02      0.85820707E+01      0.11545212E+02
      2390      0.91166215E+01      0.75360243E+01      0.11090520E+02      0.85820707E+01      0.11545212E+02
      2391      0.91166215E+01      0.75360243E+01      0.11090520E+02      0.85820707E+01      0.11545212E+02
      2392      0.91166215E+01      0.75360243E+01      0.11090520E+02      0.85820707E+01      0.11545212E+02
      2393      0.91166215E+01      0.75360243E+01      0.11090520E+02      0.85820707E+01      0.11545212E+02
      2394      0.91166215E+01      0.75360243E+01      0.11090520E+02      0.85820707E+01      0.11545212E+02
      2395      0.91166215E+01      0.75360243E+01      0.11090520E+02      0.85820707E+01      0.11545212E+02
      2396      0.91166215E+01      0.75360243E+01      0.11090520E+02      0.85820707E+01      0.11545212E+02
      2397      0.91166215E+01      0.75360243E+01      0.11090520E+02      0.85820707E+01      0.11545212E+02
      2398      0.91166215E+01      0.75360243E+01      0.11090520E+02      0.85820707E+01      0.11545212E+02
      2399      0.91166215E+01      0.75360243E+01      0.11090520E+02      0.85820707E+01      0.11545212E+02
      2400      0.91166215E+01      0.75360243E+01      0.11090520E+02      0.85820707E+01      0.11545212E+02
      2401      0.91166215E+01      0.75360243E+01      0.11090520E+02      0.85820707E+01      0.11545212E+02
      2402      0.91166215E+01      0.75360243E+01      0.11090520E+02      0.85820707E+01      0.11545212E+02
      2403      0.91166215E+01      0.75360243E+01      0.11090520E+02      0.85820707E+01      0.11545212E+02
      2404      0.91166215E+01      0.75360243E+01      0.11090520E+02      0.85820707E+01      0.11545212E+02
      2405      0.91166215E+01      0.75360243E+01      0.11090520E+02      0.85820707E+01      0.11545212E+02
      2406      0.91166215E+01      0.75360243E+01      0.11090520E+02      0.85820707E+01      0.11545212E+02
      2407      0.91166215E+01      0.75360243E+01      0.11090520E+02      0.85820707E+01      0.11545212E+02
      2408      0.91166215E+01      0.75360243E+01      0.11090520E+02      0.85820707E+01      0.11545212E+02
      2409      0.91166215E+01      0.75360243E+01      0.11090520E+02      0.85820707E+01      0.11545212E+02
      2410      0.91166215E+01      0.75360243E+01      0.11090520E+02      0.85820707E+01      0.11545212E+02
      2411      0.91166215E+01      0.75360243E+01      0.11090520E+02      0.85820707E+01      0.11545212E+02
      2412      0.91166215E+01      0.75360243E+01      0.11090520E+02      0.85820707E+01      0.11545212E+02
      2413      0.91166215E+01      0.75360243E+01      0.11090520E+02      0.85820707E+01      0.11545212E+02
      2414      0.91166215E+01      0.75360243E+01      0.11090520E+02      0.85820707E+01      0.11545212E+02
      2415      0.91166215E+01      0.75360243E+01      0.11090520E+02      0.85820707E+01      0.11545212E+02
      2416      0.91166215E+01      0.75360243E+01      0.11090520E+02      0.85820707E+01      0.11545212E+02
      2417      0.91166215E+01      0.75360243E+01      0.11090520E+02      0.85820707E+01      0.11545212E+02
      2418      0.91166215E+01      0.75360243E+01      0.11090520E+02      0.85820707E+01      0.11545212E+02
      2419      0.91166215E+01      0.75360243E+01      0.11090520E+02      0.85820707E+01      0.11545212E+02
      2420      0.91166215E+01      0.75360243E+01      0.11090520E+02      0.85820707E+01      0.11545212E+02
      2421      0.91166215E+01      0.75360243E+01      0.11090520E+02      0.85820707E+01      0.11545212E+02
      2422      0.91166215E+01      0.75360243E+01      0.11090520E+02      0.85820707E+01      0.11545212E+02
      2423      0.91166215E+01      0.75360243E+01      0.11090520E+02      0.85820707E+01      0.11545212E+02
      2424      0.91166215E+01      0.75360243E+01      0.11090520E+02      0.85820707E+01      0.11545212E+02
      2425      0.91166215E+01      0.75360243E+01      0.11090520E+02      0.85820707E+01      0.11545212E+02
      2426      0.91166215E+01      0.75360243E+01      0.11090520E+02      0.85820707E+01      0.11545212E+02
      2427      0.91166215E+01      0.75360243E+01      0.11090520E+02      0.85820707E+01      0.11545212E+02
      2428      0.91166215E+01      0.75360243E+01      0.11090520E+02      0.85820707E+01      0.11545212E+02
      2429      0.91166215E+01      0.75360243E+01      0.11090520E+02      0.85820707E+01      0.11545212E+02
      2430      0.91166215E+01      0.75360243E+01      0.11090520E+02      0.85820707E+01      0.11545212E+02
      2431      0.91166215E+01      0.75360243E+01      0.11090520E+02      0.85820707E+01      0.11545212E+02
      2432      0.91166215E+01      0.75360243E+01      0.11090520E+02      0.85820707E+01      0.11545212E+02
      2433      0.91166215E+01      0.75360243E+01      0.11090520E+02      0.85820707E+01      0.11545212E+02
      2434      0.91166215E+01      0.75360243E+01      0.11090520E+02      0.85820707E+01      0.11545212E+02
      2435      0.91166215E+01      0.75360243E+01      0.11090520E+02      0.85820707E+01      0.11545212E+02
      2436      0.91166215E+01      0.75360243E+01      0.11090520E+02      0.85820707E+01      0.11545212E+02
      2437      0.91166215E+01      0.75360243E+01      0.11090520E+02      0.85820707E+01      0.11545212E+02
      2438      0.91166215E+01      0.75360243E+01      0.11090520E+02      0.85820707E+01      0.11545212E+02
      2439      0.91166215E+01      0.75360243E+01      0.11090520E+02      0.85820707E+01      0.11545212E+02
      2440      0.91166215E+01      0.75360243E+01      0.11090520E+02      0.85820707E+01      0.11545212E+02
      2441      0.91166215E+01      0.75360243E+01      0.11090520E+02      0.85820707E+01      0.11545212E+02
      2442      0.91166215E+01      0.75360243E+01      0.11090520E+02      0.85820707E+01      0.11545212E+02
      2443      0.91166215E+01      0.75360243E+01      0.11090520E+02      0.85820707E+01      0.11545212E+02
      2444      0.91166215E+01      0.75360243E+01      0.11090520E+02      0.85820707E+01      0.11545212E+02
      2445      0.91166215E+01      0.75360243E+01      0.11090520E+02      0.85820707E+01      0.11545212E+02
      2446      0.91166215E+01      0.75360243E+01      0.11090520E+02      0.85820707E+01      0.11545212E+02
      2447      0.91166215E+01      0.75360243E+01      0.11090520E+02      0.85820707E+01      0.11545212E+02
      2448      0.91166215E+01      0.75360243E+01      0.11090520E+02      0.85820707E+01      0.11545212E+02
      2449      0.91166215E+01      0.75360243E+01      0.11090520E+02      0.85820707E+01      0.11545212E+02
      2450      0.91166215E+01      0.75360243E+01      0.11090520E+02      0.85820707E+01      0.11545212E+02
      2451      0.91166215E+01      0.75360243E+01      0.11090520E+02      0.85820707E+01      0.11545212E+02
      2452      0.91166215E+01      0.75360243E+01      0.11090520E+02      0.85820707E+01      0.11545212E+02
      2453      0.91166215E+01      0.75360243E+01      0.11090520E+02      0.85820707E+01      0.11545212E+02
      2454      0.91166215E+01      0.75360243E+01      0.11090520E+02      0.85820707E+01      0.11545212E+02
      2455      0.91166215E+01      0.75360243E+01      0.11090520E+02      0.85820707E+01      0.11545212E+02
      2456      0.91166215E+01      0.75360243E+01      0.11090520E+02      0.85820707E+01      0.11545212E+02
      2457      0.91166215E+01      0.75360243E+01      0.11090520E+02      0.85820707E+01      0.11545212E+02
      2458      0.91166215E+01      0.75360243E+01      0.11090520E+02      0.85820707E+01      0.11545212E+02
      2459      0.91166215E+01      0.75360243E+01      0.11090520E+02      0.85820707E+01      0.11545212E+02
      2460      0.91166215E+01      0.75360243E+01      0.11090520E+02      0.85820707E+01      0.11545212E+02
      2461      0.91166215E+01      0.75360243E+01      0.11090520E+02      0.85820707E+01      0.11545212E+02
      2462      0.91166215E+01      0.75360243E+01      0.11090520E+02      0.85820707E+01      0.11545212E+02
      2463      0.91166215E+01      0.75360243E+01      0.11090520E+02      0.85820707E+01      0.11545212E+02
      2464      0.91166215E+01      0.75360243E+01      0.11090520E+02      0.85820707E+01      0.11545212E+02
      2465      0.91166215E+01      0.75360243E+01      0.11090520E+02      0.85820707E+01      0.11545212E+02
      2466      0.91166215E+01      0.75360243E+01      0.11090520E+02      0.85820707E+01      0.11545212E+02
      2467      0.91166215E+01      0.75360243E+01      0.11090520E+02      0.85820707E+01      0.11545212E+02
      2468      0.91166215E+01      0.75360243E+01      0.11090520E+02      0.85820707E+01      0.11545212E+02
      2469      0.91166215E+01      0.75360243E+01      0.11090520E+02      0.85820707E+01      0.11545212E+02
      2470      0.91166215E+01      0.75360243E+01      0.11090520E+02      0.85820707E+01      0.11545212E+02
      2471      0.91166215E+01      0.75360243E+01      0.11090520E+02      0.85820707E+01      0.11545212E+02
      2472      0.91166215E+01      0.75360243E+01      0.11090520E+02      0.85820707E+01      0.11545212E+02
      2473      0.91166215E+01      0.75360243E+01      0.11090520E+02      0.85820707E+01      0.11545212E+02
      2474      0.91166215E+01      0.75360243E+01      0.11090520E+02      0.85820707E+01      0.11545212E+02
      2475      0.91166215E+01      0.75360243E+01      0.11090520E+02      0.85820707E+01      0.11545212E+02
      2476      0.91166215E+01      0.75360243E+01      0.11090520E+02      0.85820707E+01      0.11545212E+02
      2477      0.91166215E+01      0.75360243E+01      0.11090520E+02      0.85820707E+01      0.11545212E+02
      2478      0.91166215E+01      0.75360243E+01      0.11090520E+02      0.85820707E+01      0.11545212E+02
      2479      0.91166215E+01      0.75360243E+01      0.11090520E+02      0.85820707E+01      0.11545212E+02
      2480      0.91166215E+01      0.75360243E+01      0.11090520E+02      0.85820707E+01      0.11545212E+02
      2481      0.91166215E+01      0.75360243E+01      0.11090520E+02      0.85820707E+01      0.11545212E+02
      2482      0.91166215E+01      0.75360243E+01      0.11090520E+02      0.85820707E+01      0.11545212E+02
      2483      0.91166215E+01      0.75360243E+01      0.11090520E+02      0.85820707E+01      0.11545212E+02
      2484      0.91166215E+01      0.75360243E+01      0.11090520E+02      0.85820707E+01      0.11545212E+02
      2485      0.91166215E+01      0.75360243E+01      0.11090520E+02      0.85820707E+01      0.11545212E+02
      2486      0.91166215E+01      0.75360243E+01      0.11090520E+02      0.85820707E+01      0.11545212E+02
      2487      0.91166215E+01      0.75360243E+01      0.11090520E+02      0.85820707E+01      0.11545212E+02
      2488      0.91166215E+01      0.75360243E+01      0.11090520E+02      0.85820707E+01      0.11545212E+02
      2489      0.91166215E+01      0.75360243E+01      0.11090520E+02      0.85820707E+01      0.11545212E+02
      2490      0.91166215E+01      0.75360243E+01      0.11090520E+02      0.85820707E+01      0.11545212E+02
      2491      0.91166215E+01      0.75360243E+01      0.11090520E+02      0.85820707E+01      0.11545212E+02
      2492      0.91166215E+01      0.75360243E+01      0.11090520E+02      0.85820707E+01      0.11545212E+02
      2493      0.91166215E+01      0.75360243E+01      0.11090520E+02      0.85820707E+01      0.11545212E+02
      2494      0.91166215E+01      0.75360243E+01      0.11090520E+02      0.85820707E+01      0.11545212E+02
      2495      0.91166215E+01      0.75360243E+01      0.11090520E+02      0.85820707E+01      0.11545212E+02
      2496      0.91166215E+01      0.75360243E+01      0.11090520E+02      0.85820707E+01      0.11545212E+02
      2497      0.91166215E+01      0.75360243E+01      0.11090520E+02      0.85820707E+01      0.11545212E+02
      2498      0.91166215E+01      0.75360243E+01      0.11090520E+02      0.85820707E+01      0.11545212E+02
      2499      0.91166215E+01      0.75360243E+01      0.11090520E+02      0.85820707E+01      0.11545212E+02
      2500      0.91166215E+01      0.75360243E+01      0.11090520E+02      0.85820707E+01      0.11545212E+02
