
__MAGICC 7.X DATA OUTPUT FILE__

OUTPUT:  DAT_SURFACE_TEMP
RUN:   SLR_AISSID_RCP26                                                                                                              
RUN_ID:                               1
DATE:   No Date specified.                                                                                                            
MAGICC-VERSION:   7.0.0.1 BETA, MAY 2016                                                                              

&THISFILE_SPECIFICATIONS
 THISFILE_DATACOLUMNS=          0,
 THISFILE_FIRSTYEAR=       1850,
 THISFILE_LASTYEAR=       2500,
 THISFILE_ANNUALSTEPS=          1,
 THISFILE_FIRSTDATAROW=         21,
 THISFILE_UNITS="K                                                                                                   ",
 THISFILE_DATTYPE="FOURBOXDATA                                                                                         ",
 /

   YEARS   GLOBAL    NH-OCEAN   NH-LAND   SH-OCEAN   SH-LAND
      1850      0.00000000E+00      0.00000000E+00      0.00000000E+00      0.00000000E+00      0.00000000E+00
      1851      0.21067942E+00      0.28579272E-01      0.52956136E+00      0.11406223E+00      0.43932342E+00
      1852      0.24002112E+00      0.81562276E-01      0.52956136E+00      0.14944612E+00      0.43932342E+00
      1853      0.21973911E+00     -0.21085103E-01      0.57010396E+00      0.15015677E+00      0.44590505E+00
      1854      0.53518199E-01     -0.22837830E+00      0.34554291E+00      0.10921521E+00      0.38513184E-01
      1855     -0.21400807E-02     -0.11084239E+00     -0.24305979E+00      0.22782371E+00     -0.85177104E-01
      1856      0.91920506E-01     -0.97895304E-01      0.84108988E-01      0.20190297E+00      0.21805318E+00
      1857      0.96593356E-01     -0.17564646E+00      0.16750336E+00      0.90965097E-01      0.72784678E+00
      1858      0.16302199E-01     -0.57739258E-01     -0.77359517E-01      0.73104122E-01      0.19443766E+00
      1859      0.66155645E-01      0.18702197E-01      0.27460734E-01      0.11055206E+00      0.10759227E+00
      1860      0.10421796E+00     -0.62820435E-01      0.34926097E+00      0.92321595E-01      0.12022908E+00
      1861      0.78926712E-01     -0.28350830E-01      0.91321309E-01      0.13886275E+00      0.12495422E+00
      1862      0.10210961E+00      0.19780153E-01      0.92155456E-01      0.15017700E+00      0.16857910E+00
      1863      0.13264842E+00      0.15546907E+00      0.59791565E-01      0.93192829E-01      0.36376190E+00
      1864      0.19100329E+00      0.15861443E+00      0.24815877E+00      0.13153819E+00      0.38984935E+00
      1865      0.16966728E+00      0.13244630E-01      0.29126485E+00      0.10379539E+00      0.60630035E+00
      1866     -0.97683589E-02     -0.13248952E+00      0.19494629E+00     -0.14472199E+00      0.42742920E+00
      1867     -0.50952733E-01     -0.49990336E-01     -0.14434306E+00     -0.46592712E-01      0.11676788E+00
      1868      0.95606817E-01      0.33106738E-01      0.21529134E+00      0.89397583E-01      0.52215576E-01
      1869      0.21299967E+00      0.16034789E+00      0.28373210E+00      0.22838581E+00      0.15907288E+00
      1870      0.17206190E+00      0.59214866E-01      0.31299082E+00      0.55850409E-01      0.63905334E+00
      1871      0.16068644E+00      0.22821961E-01      0.37729899E+00      0.99330463E-01      0.33904521E+00
      1872      0.24918191E+00     -0.19302368E-01      0.51557668E+00      0.25354131E+00      0.44152069E+00
      1873      0.11694625E+00     -0.10303243E+00      0.80889384E-01      0.32050995E+00      0.30832926E-01
      1874      0.14622658E+00     -0.12787119E+00      0.12821706E+00      0.27284553E+00      0.46294912E+00
      1875      0.17080590E+00      0.68834819E-01     -0.42851766E-01      0.33783207E+00      0.25141907E+00
      1876      0.18805201E+00      0.80527552E-01      0.13829804E+00      0.21296644E+00      0.49080658E+00
      1877      0.13539509E+00     -0.11184438E+00      0.21595510E+00      0.13827551E+00      0.64629110E+00
      1878      0.90557257E-01     -0.63008626E-01      0.15326691E+00      0.81404657E-01      0.42370351E+00
      1879      0.81417565E-01      0.12411072E+00      0.97427368E-02      0.84294874E-01      0.96028646E-01
      1880      0.17948482E+00      0.18209645E+00      0.79007467E-01      0.21227636E+00      0.24986776E+00
      1881      0.29404214E+00      0.65544112E-01      0.61328125E+00      0.20150540E+00      0.63476817E+00
      1882      0.20418856E+00      0.53970417E-01      0.46359253E+00      0.55880975E-01      0.65818787E+00
      1883      0.13490487E+00      0.57959345E-01      0.23301188E+00      0.56370033E-01      0.44664764E+00
      1884     -0.14150061E+00     -0.44153595E+00      0.10455068E+00     -0.90848287E-01      0.45166016E-02
      1885     -0.23098039E+00     -0.20646922E+00     -0.64122264E+00      0.78614720E-02     -0.37669373E+00
      1886     -0.19252964E+00     -0.30602519E+00     -0.27116140E+00     -0.20010122E+00      0.30668132E+00
      1887     -0.20505028E+00     -0.37362162E+00     -0.20653788E+00     -0.20827993E+00      0.27565257E+00
      1888     -0.13928811E+00     -0.15940094E+00     -0.19127146E+00     -0.30306498E-01     -0.38975016E+00
      1889      0.24098314E-01     -0.11452738E+00      0.14549510E+00      0.34510087E-01      0.12500763E+00
      1890      0.34921714E-01     -0.13595835E+00      0.16789754E-01      0.12679137E+00      0.19753520E+00
      1891      0.75581291E-01     -0.18554179E+00      0.11146545E+00      0.19286545E+00      0.28379822E+00
      1892      0.38083776E-02     -0.26230621E+00      0.21500651E+00     -0.11342367E-02      0.33498891E+00
      1893     -0.76830673E-01     -0.19948069E+00     -0.17796834E-01      0.35469379E-01     -0.27861277E+00
      1894      0.36816815E-01      0.36730296E-02     -0.12062581E+00      0.16134747E+00     -0.25230408E-01
      1895      0.15642199E+00     -0.31389872E-01      0.18108877E+00      0.21008620E+00      0.42392731E+00
      1896      0.12501582E+00     -0.72280884E-01      0.32151031E+00      0.72666570E-01      0.47387441E+00
      1897      0.80152497E-01      0.46582840E-01     -0.73064168E-02      0.12032189E+00      0.19667308E+00
      1898      0.14462226E+00      0.74744811E-01     -0.10765076E-01      0.20317461E+00      0.42812347E+00
      1899      0.13219146E+00      0.34535601E-01      0.28880310E+00      0.14765110E-01      0.53043111E+00
      1900      0.18758733E+00      0.37278066E-01      0.48388418E+00      0.93873519E-01      0.36267598E+00
      1901      0.20371316E+00      0.15253628E+00      0.26682281E+00      0.19939756E+00      0.23507436E+00
      1902      0.29079345E+00      0.98094818E-02      0.57517751E+00      0.23606713E+00      0.70395152E+00
      1903     -0.14044312E+00     -0.59923554E+00      0.29993947E+00     -0.28840637E+00      0.80255636E+00
      1904     -0.44275842E+00     -0.57556152E+00     -0.55821737E+00     -0.27040354E+00     -0.49343363E+00
      1905     -0.26436242E+00     -0.34822337E+00     -0.59554291E+00     -0.16723633E-01     -0.30197906E+00
      1906     -0.11769854E+00     -0.28831991E+00     -0.22540029E+00     -0.51651001E-01      0.32048035E+00
      1907     -0.15345637E+00     -0.25764720E+00     -0.36395772E+00     -0.27475993E-01      0.81385295E-01
      1908     -0.43867717E-01     -0.10781352E+00     -0.19540151E+00      0.86978619E-01     -0.56419373E-01
      1909      0.23541912E+00      0.15516983E+00      0.28864797E+00      0.27903163E+00      0.18653615E+00
      1910      0.21964946E+00      0.29653858E-01      0.19951884E+00      0.14669926E+00      0.10590922E+01
      1911      0.49713478E-01     -0.18924967E+00      0.26168315E+00     -0.30186971E-02      0.48414103E+00
      1912      0.64640551E-01     -0.14933777E+00      0.30561574E+00      0.11329383E+00     -0.93510946E-02
      1913      0.32967547E-02     -0.22349803E+00      0.29902140E-01      0.10200605E+00      0.20513662E+00
      1914      0.99173389E-01     -0.10979207E+00      0.44484456E-01      0.24331719E+00      0.24343872E+00
      1915      0.13294884E+00     -0.47269185E-01      0.87875366E-01      0.21737600E+00      0.40323385E+00
      1916      0.18522572E+00      0.61175580E-01      0.14681498E-01      0.28923833E+00      0.47764333E+00
      1917      0.24970037E+00      0.54874783E-01      0.41399383E+00      0.24397516E+00      0.48074087E+00
      1918      0.25856143E+00      0.30942735E-01      0.50708771E+00      0.18674088E+00      0.66035207E+00
      1919      0.16990632E+00      0.67605673E-01      0.85884094E-01      0.22937514E+00      0.39677938E+00
      1920      0.30870911E+00      0.19981813E+00      0.34479014E+00      0.29758274E+00      0.57914988E+00
      1921      0.29949531E+00      0.17077453E+00      0.53435262E+00      0.20514426E+00      0.54023488E+00
      1922      0.22607468E+00      0.24080439E+00      0.30469004E+00      0.15874739E+00      0.28144073E+00
      1923      0.38437988E+00      0.40115103E+00      0.57784780E+00      0.27401657E+00      0.36629995E+00
      1924      0.41100750E+00      0.36850209E+00      0.47707113E+00      0.34302814E+00      0.65200806E+00
      1925      0.40580980E+00      0.18654697E+00      0.83809408E+00      0.20496336E+00      0.90238953E+00
      1926      0.35261075E+00      0.25338900E+00      0.62763468E+00      0.24765820E+00      0.47142537E+00
      1927      0.48823622E+00      0.46566214E+00      0.59857941E+00      0.44899373E+00      0.47752380E+00
      1928      0.45362693E+00      0.28146878E+00      0.88571421E+00      0.24245593E+00      0.85934194E+00
      1929      0.39977387E+00      0.18663882E+00      0.85247040E+00      0.24265918E+00      0.67409007E+00
      1930      0.29417851E+00      0.36817117E+00      0.98546346E-01      0.36392455E+00      0.21870422E+00
      1931      0.47359951E+00      0.44952253E+00      0.60648346E+00      0.37471159E+00      0.64633687E+00
      1932      0.41388470E+00      0.24750582E+00      0.82891083E+00      0.17693206E+00      0.93474833E+00
      1933      0.26259783E+00      0.17862992E+00      0.47679138E+00      0.15632325E+00      0.46591695E+00
      1934      0.19279380E+00      0.19906873E+00      0.27559662E+00      0.16230863E+00      0.12453969E+00
      1935      0.31368779E+00      0.19690697E+00      0.64894104E+00      0.13970811E+00      0.62021383E+00
      1936      0.22457095E+00      0.28062014E+00      0.11443329E+00      0.31398628E+00     -0.46328227E-01
      1937      0.37412870E+00      0.30314023E+00      0.36281331E+00      0.32522758E+00      0.77678426E+00
      1938      0.42367857E+00      0.28636200E+00      0.58940125E+00      0.32272466E+00      0.85126750E+00
      1939      0.44604470E+00      0.33013500E+00      0.60957591E+00      0.43161270E+00      0.49340566E+00
      1940      0.46532233E+00      0.43848425E+00      0.60140228E+00      0.40534521E+00      0.49291484E+00
      1941      0.50757538E+00      0.35189273E+00      0.82342275E+00      0.40832756E+00      0.67922211E+00
      1942      0.42525283E+00      0.25435108E+00      0.55332947E+00      0.34927756E+00      0.92692566E+00
      1943      0.41257553E+00      0.30050975E+00      0.58118439E+00      0.38642034E+00      0.48326620E+00
      1944      0.36581879E+00      0.22684697E+00      0.54384613E+00      0.30000889E+00      0.64116160E+00
      1945      0.38659417E+00      0.30791713E+00      0.44362895E+00      0.29430584E+00      0.83700307E+00
      1946      0.38395674E+00      0.44421081E+00      0.40252686E+00      0.33078851E+00      0.38041433E+00
      1947      0.40303635E+00      0.45351947E+00      0.33116404E+00      0.32095445E+00      0.71613566E+00
      1948      0.51058687E+00      0.42304175E+00      0.98132833E+00      0.31705048E+00      0.53896077E+00
      1949      0.43995478E+00      0.32926446E+00      0.75895182E+00      0.19988186E+00      0.10108083E+01
      1950      0.31505666E+00      0.36114365E+00      0.37246704E+00      0.20857324E+00      0.47352854E+00
      1951      0.40674046E+00      0.45006142E+00      0.58856201E+00      0.36323702E+00      0.87104797E-01
      1952      0.50092638E+00      0.41536834E+00      0.86768341E+00      0.40095550E+00      0.37979635E+00
      1953      0.55583542E+00      0.44180859E+00      0.85411326E+00      0.39092663E+00      0.89458211E+00
      1954      0.44414126E+00      0.33048729E+00      0.76279449E+00      0.29798755E+00      0.67055257E+00
      1955      0.42271817E+00      0.34468831E+00      0.71788788E+00      0.26163425E+00      0.65387217E+00
      1956      0.50742827E+00      0.44888493E+00      0.84458160E+00      0.32653504E+00      0.67531586E+00
      1957      0.57272811E+00      0.46279985E+00      0.88949839E+00      0.44758181E+00      0.71358744E+00
      1958      0.51408403E+00      0.43610633E+00      0.60235850E+00      0.34615194E+00      0.11846466E+01
      1959      0.48528361E+00      0.48083996E+00      0.59404246E+00      0.36829845E+00      0.72012583E+00
      1960      0.52274362E+00      0.41269709E+00      0.80932363E+00      0.36270734E+00      0.85556285E+00
      1961      0.48359007E+00      0.34792135E+00      0.83683777E+00      0.33416529E+00      0.71392059E+00
      1962      0.36900766E+00      0.25202064E+00      0.50251770E+00      0.34785761E+00      0.50465902E+00
      1963      0.30792728E+00      0.19015936E+00      0.40587616E+00      0.23840293E+00      0.69883728E+00
      1964      0.18118035E+00      0.66373865E-01      0.74938456E-01      0.23078400E+00      0.52414449E+00
      1965      0.30741296E+00      0.21379653E+00      0.34568787E+00      0.29421220E+00      0.53908285E+00
      1966      0.33119171E+00      0.26439167E+00      0.32079315E+00      0.27028763E+00      0.76559957E+00
      1967      0.30832720E+00      0.23184690E+00      0.41486613E+00      0.25531564E+00      0.50590515E+00
      1968      0.38591705E+00      0.31982017E+00      0.44593048E+00      0.42606071E+00      0.29742686E+00
      1969      0.56219818E+00      0.48934461E+00      0.71592967E+00      0.53958912E+00      0.54100291E+00
      1970      0.71253070E+00      0.40593158E+00      0.10208257E+01      0.60560478E+00      0.13449834E+01
      1971      0.47247884E+00      0.24861308E+00      0.64177449E+00      0.38607207E+00      0.10772374E+01
      1972      0.43514004E+00      0.37170136E+00      0.44623820E+00      0.44059086E+00      0.56764984E+00
      1973      0.61327114E+00      0.45569200E+00      0.83363851E+00      0.60905073E+00      0.62363179E+00
      1974      0.50977712E+00      0.41184207E+00      0.25488027E+00      0.69840660E+00      0.58045196E+00
      1975      0.61645208E+00      0.51379518E+00      0.45791880E+00      0.74688007E+00      0.72638957E+00
      1976      0.70000599E+00      0.61117206E+00      0.62387085E+00      0.79387206E+00      0.74451192E+00
      1977      0.74122138E+00      0.50854896E+00      0.96616872E+00      0.64548136E+00      0.12941106E+01
      1978      0.73493159E+00      0.50426133E+00      0.96520233E+00      0.67644166E+00      0.11315130E+01
      1979      0.71792775E+00      0.58899159E+00      0.77147166E+00      0.73176048E+00      0.91491191E+00
      1980      0.76746429E+00      0.68814138E+00      0.74803162E+00      0.76001952E+00      0.10534185E+01
      1981      0.87042545E+00      0.71032857E+00      0.11101252E+01      0.82635006E+00      0.99900564E+00
      1982      0.82129958E+00      0.60254922E+00      0.12586034E+01      0.68341389E+00      0.10695724E+01
      1983      0.74163389E+00      0.51193122E+00      0.11345647E+01      0.64106802E+00      0.96850840E+00
      1984      0.58334600E+00      0.49481506E+00      0.58740997E+00      0.51729577E+00      0.10682068E+01
      1985      0.73661864E+00      0.65270383E+00      0.10087535E+01      0.59539374E+00      0.95538839E+00
      1986      0.81498155E+00      0.84119151E+00      0.94194539E+00      0.74288153E+00      0.75989787E+00
      1987      0.89938627E+00      0.73135771E+00      0.10670573E+01      0.85580140E+00      0.11920853E+01
      1988      0.83948320E+00      0.59877965E+00      0.11525828E+01      0.70922235E+00      0.13681132E+01
      1989      0.82512823E+00      0.67508342E+00      0.10837911E+01      0.76653825E+00      0.94262187E+00
      1990      0.94527183E+00      0.90325814E+00      0.10817108E+01      0.93291141E+00      0.83493042E+00
      1991      0.10104080E+01      0.94305021E+00      0.96233368E+00      0.91723248E+00      0.16431096E+01
      1992      0.87162910E+00      0.64130262E+00      0.12590052E+01      0.77240043E+00      0.11063054E+01
      1993      0.87445805E+00      0.70892802E+00      0.81152852E+00      0.91340064E+00      0.13109970E+01
      1994      0.89680942E+00      0.64154231E+00      0.11617788E+01      0.73370073E+00      0.16854935E+01
      1995      0.75047694E+00      0.54995386E+00      0.10582911E+01      0.70195865E+00      0.87119548E+00
      1996      0.83657741E+00      0.58011878E+00      0.11881383E+01      0.85000752E+00      0.79124705E+00
      1997      0.91526727E+00      0.79564583E+00      0.10348918E+01      0.97338700E+00      0.78776042E+00
      1998      0.11307215E+01      0.97323446E+00      0.12894465E+01      0.11406422E+01      0.12109146E+01
      1999      0.12073082E+01      0.94165905E+00      0.15059509E+01      0.11227204E+01      0.16619314E+01
      2000      0.12021418E+01      0.10722823E+01      0.13691152E+01      0.11045647E+01      0.15939306E+01
      2001      0.13681091E+01      0.12293164E+01      0.17414093E+01      0.12482873E+01      0.14555995E+01
      2002      0.14514571E+01      0.12235403E+01      0.18768311E+01      0.12778749E+01      0.18831940E+01
      2003      0.13546535E+01      0.10426532E+01      0.19007238E+01      0.11624445E+01      0.18473002E+01
      2004      0.12854488E+01      0.10976854E+01      0.16403605E+01      0.12025818E+01      0.14059474E+01
      2005      0.13757480E+01      0.11727141E+01      0.18381348E+01      0.12948371E+01      0.13161138E+01
      2006      0.14593345E+01      0.12714248E+01      0.18064804E+01      0.13580764E+01      0.16649551E+01
      2007      0.14595905E+01      0.11510061E+01      0.21242955E+01      0.12132281E+01      0.19092534E+01
      2008      0.12996816E+01      0.11273039E+01      0.17632116E+01      0.11617071E+01      0.13677597E+01
      2009      0.14371333E+01      0.12379267E+01      0.19702021E+01      0.12993882E+01      0.14393692E+01
      2010      0.15135427E+01      0.13028761E+01      0.19503301E+01      0.13799389E+01      0.17244135E+01
      2011      0.15415311E+01      0.12568862E+01      0.19324137E+01      0.13634266E+01      0.22159398E+01
      2012      0.15313986E+01      0.12635665E+01      0.20952911E+01      0.13293598E+01      0.19033915E+01
      2013      0.15580634E+01      0.12701293E+01      0.22364553E+01      0.13440199E+01      0.18017375E+01
      2014      0.15565553E+01      0.14273139E+01      0.18219325E+01      0.14026506E+01      0.19617284E+01
      2015      0.15505511E+01      0.13146438E+01      0.20729268E+01      0.12925673E+01      0.21278636E+01
      2016      0.15329915E+01      0.13885531E+01      0.20898921E+01      0.13095959E+01      0.16585083E+01
      2017      0.15854870E+01      0.14485562E+01      0.21335678E+01      0.13761302E+01      0.16550954E+01
      2018      0.15960572E+01      0.15100926E+01      0.21559321E+01      0.13101405E+01      0.17893244E+01
      2019      0.16896495E+01      0.14697891E+01      0.24570084E+01      0.13727408E+01      0.19543457E+01
      2020      0.16031558E+01      0.14302492E+01      0.21938146E+01      0.13252925E+01      0.19446843E+01
      2021      0.17289029E+01      0.15241432E+01      0.24458466E+01      0.14783528E+01      0.18030879E+01
      2022      0.16841549E+01      0.15105409E+01      0.23256022E+01      0.13828660E+01      0.20141856E+01
      2023      0.17049210E+01      0.16254749E+01      0.23122177E+01      0.13712839E+01      0.19648615E+01
      2024      0.18054300E+01      0.16532477E+01      0.25230255E+01      0.15393752E+01      0.17914251E+01
      2025      0.17808453E+01      0.15877219E+01      0.22366079E+01      0.16219850E+01      0.20003255E+01
      2026      0.17557152E+01      0.15290509E+01      0.23037542E+01      0.14969975E+01      0.22589340E+01
      2027      0.17381999E+01      0.14855441E+01      0.22630463E+01      0.15659282E+01      0.20343882E+01
      2028      0.17861651E+01      0.17198531E+01      0.20173645E+01      0.15897919E+01      0.22456512E+01
      2029      0.17833314E+01      0.16872045E+01      0.19437027E+01      0.16940034E+01      0.20641251E+01
      2030      0.18546578E+01      0.16786005E+01      0.23245188E+01      0.16071004E+01      0.23324763E+01
      2031      0.18109453E+01      0.15589587E+01      0.24807358E+01      0.14374876E+01      0.25722402E+01
      2032      0.17111023E+01      0.15628703E+01      0.22024663E+01      0.14502410E+01      0.21191126E+01
      2033      0.17750057E+01      0.16653697E+01      0.24056575E+01      0.14640337E+01      0.19863536E+01
      2034      0.18413127E+01      0.16988931E+01      0.25917104E+01      0.15126496E+01      0.19702657E+01
      2035      0.20152035E+01      0.19048298E+01      0.27011490E+01      0.17016571E+01      0.21276855E+01
      2036      0.21099777E+01      0.19535772E+01      0.26699854E+01      0.18317376E+01      0.24686381E+01
      2037      0.20793648E+01      0.19172170E+01      0.27622859E+01      0.16329825E+01      0.28406067E+01
      2038      0.20363705E+01      0.17957807E+01      0.29954122E+01      0.16372218E+01      0.22843323E+01
      2039      0.19690733E+01      0.18072849E+01      0.24772339E+01      0.18048942E+01      0.20172221E+01
      2040      0.19445937E+01      0.17175411E+01      0.23322907E+01      0.18161324E+01      0.22795563E+01
      2041      0.19543807E+01      0.16582499E+01      0.26892675E+01      0.16419338E+01      0.24778875E+01
      2042      0.18786993E+01      0.17767550E+01      0.24250819E+01      0.16559539E+01      0.19054413E+01
      2043      0.19013637E+01      0.16470569E+01      0.25647685E+01      0.16725473E+01      0.21377106E+01
      2044      0.18814471E+01      0.17944471E+01      0.22555720E+01      0.16901865E+01      0.20929871E+01
      2045      0.19786820E+01      0.18966903E+01      0.23858261E+01      0.17102582E+01      0.24006322E+01
      2046      0.20570338E+01      0.19144759E+01      0.27667287E+01      0.17513921E+01      0.21811701E+01
      2047      0.20500928E+01      0.17983968E+01      0.28110886E+01      0.17410818E+01      0.23857320E+01
      2048      0.19975924E+01      0.17614863E+01      0.26406403E+01      0.16843082E+01      0.25421448E+01
      2049      0.20016954E+01      0.17758020E+01      0.28475774E+01      0.17357129E+01      0.19344279E+01
      2050      0.20477752E+01      0.18538342E+01      0.25639140E+01      0.18098151E+01      0.24463272E+01
      2051      0.20391708E+01      0.17068260E+01      0.28644918E+01      0.17044943E+01      0.25654551E+01
      2052      0.19111695E+01      0.16886067E+01      0.24586461E+01      0.16940339E+01      0.22477570E+01
      2053      0.19730686E+01      0.18149683E+01      0.24404449E+01      0.17684457E+01      0.22447459E+01
      2054      0.19703580E+01      0.18664553E+01      0.24528707E+01      0.16471868E+01      0.25080414E+01
      2055      0.20534907E+01      0.18578675E+01      0.29079513E+01      0.16606804E+01      0.23625768E+01
      2056      0.20588307E+01      0.19235965E+01      0.27293218E+01      0.16891426E+01      0.24820836E+01
      2057      0.19879677E+01      0.17038954E+01      0.27975031E+01      0.16435618E+01      0.24490992E+01
      2058      0.19050838E+01      0.16780031E+01      0.24017029E+01      0.16454037E+01      0.25159124E+01
      2059      0.19189333E+01      0.18361016E+01      0.24023132E+01      0.16403743E+01      0.22288589E+01
      2060      0.19773688E+01      0.18598571E+01      0.25505295E+01      0.16961083E+01      0.22136790E+01
      2061      0.21057787E+01      0.19104118E+01      0.29614334E+01      0.16545589E+01      0.26315002E+01
      2062      0.20172872E+01      0.18495082E+01      0.26474940E+01      0.16884314E+01      0.24573873E+01
      2063      0.18128828E+01      0.17685935E+01      0.20587845E+01      0.15660069E+01      0.23721263E+01
      2064      0.18683599E+01      0.17151629E+01      0.26029002E+01      0.15086917E+01      0.21754328E+01
      2065      0.19980426E+01      0.18396117E+01      0.27687988E+01      0.16240744E+01      0.23009338E+01
      2066      0.19923914E+01      0.16608076E+01      0.29235458E+01      0.15986157E+01      0.25272319E+01
      2067      0.17530178E+01      0.16372167E+01      0.22539978E+01      0.15322558E+01      0.19013748E+01
      2068      0.18745878E+01      0.18636126E+01      0.23096237E+01      0.16131673E+01      0.20182673E+01
      2069      0.19479603E+01      0.17464498E+01      0.27033488E+01      0.16385522E+01      0.21576996E+01
      2070      0.18880134E+01      0.16885330E+01      0.25844447E+01      0.15886341E+01      0.21723328E+01
      2071      0.19135644E+01      0.17756822E+01      0.25715968E+01      0.16679161E+01      0.19024226E+01
      2072      0.19397050E+01      0.16558317E+01      0.25928014E+01      0.17559322E+01      0.21088791E+01
      2073      0.19439765E+01      0.16693379E+01      0.25826874E+01      0.17010963E+01      0.23387731E+01
      2074      0.20001306E+01      0.19367650E+01      0.24422709E+01      0.18288073E+01      0.19353612E+01
      2075      0.20515029E+01      0.18884802E+01      0.26272558E+01      0.17480378E+01      0.24918569E+01
      2076      0.19756268E+01      0.16848596E+01      0.27075068E+01      0.15900376E+01      0.27654877E+01
      2077      0.20317851E+01      0.18987026E+01      0.26380437E+01      0.18169101E+01      0.19951680E+01
      2078      0.20051499E+01      0.17972542E+01      0.24521815E+01      0.18720149E+01      0.21861165E+01
      2079      0.20080423E+01      0.16728015E+01      0.27540054E+01      0.17270807E+01      0.24989700E+01
      2080      0.18838310E+01      0.17156041E+01      0.22191823E+01      0.17381133E+01      0.22259318E+01
      2081      0.19895144E+01      0.18512124E+01      0.24173177E+01      0.17915987E+01      0.22604243E+01
      2082      0.20474792E+01      0.18956522E+01      0.24925029E+01      0.18028873E+01      0.24968948E+01
      2083      0.20946912E+01      0.19478201E+01      0.28027217E+01      0.16971644E+01      0.25797323E+01
      2084      0.20050285E+01      0.18073536E+01      0.28234329E+01      0.16110764E+01      0.23961894E+01
      2085      0.19081771E+01      0.17872347E+01      0.24436518E+01      0.15919730E+01      0.23607890E+01
      2086      0.19080052E+01      0.18202137E+01      0.23560638E+01      0.16561627E+01      0.22017670E+01
      2087      0.18911137E+01      0.18395407E+01      0.23658727E+01      0.15983650E+01      0.21853282E+01
      2088      0.19483899E+01      0.18333575E+01      0.24379603E+01      0.17228008E+01      0.21356023E+01
      2089      0.19095909E+01      0.16188822E+01      0.26122487E+01      0.15704570E+01      0.25829747E+01
      2090      0.17911616E+01      0.14984862E+01      0.24749120E+01      0.15627662E+01      0.20912043E+01
      2091      0.18281193E+01      0.18390306E+01      0.20632502E+01      0.17037761E+01      0.17954890E+01
      2092      0.19514517E+01      0.18336875E+01      0.23139547E+01      0.17852407E+01      0.21769689E+01
      2093      0.19849305E+01      0.18439633E+01      0.23879242E+01      0.16892696E+01      0.26805293E+01
      2094      0.20252108E+01      0.19570660E+01      0.25644735E+01      0.17479766E+01      0.21778234E+01
      2095      0.21282165E+01      0.18033910E+01      0.31189550E+01      0.16913574E+01      0.26872991E+01
      2096      0.18993057E+01      0.16095673E+01      0.26735280E+01      0.15632256E+01      0.24153926E+01
      2097      0.18681398E+01      0.17507183E+01      0.22288513E+01      0.16195584E+01      0.24061635E+01
      2098      0.18282404E+01      0.16270588E+01      0.23630905E+01      0.16574456E+01      0.19566981E+01
      2099      0.18336626E+01      0.16496191E+01      0.23209101E+01      0.16105836E+01      0.22066803E+01
      2100      0.19025250E+01      0.18319839E+01      0.23619156E+01      0.16416306E+01      0.21600316E+01
      2101      0.19829292E+01      0.18898735E+01      0.26769892E+01      0.15751263E+01      0.23859355E+01
      2102      0.19900819E+01      0.17946049E+01      0.26816915E+01      0.15999373E+01      0.26144384E+01
      2103      0.20019773E+01      0.17784393E+01      0.26671600E+01      0.16186372E+01      0.27310918E+01
      2104      0.18346089E+01      0.16550757E+01      0.24403839E+01      0.15195876E+01      0.23039932E+01
      2105      0.17179761E+01      0.16242300E+01      0.20901540E+01      0.14566237E+01      0.22157211E+01
      2106      0.17921516E+01      0.17980838E+01      0.21138407E+01      0.15509445E+01      0.20397873E+01
      2107      0.19427469E+01      0.17408034E+01      0.25912730E+01      0.16244061E+01      0.24010111E+01
      2108      0.19335215E+01      0.18042762E+01      0.25618820E+01      0.15681661E+01      0.24081955E+01
      2109      0.18859233E+01      0.17283196E+01      0.25339712E+01      0.15695564E+01      0.22152557E+01
      2110      0.19552143E+01      0.20320662E+01      0.23599650E+01      0.16788318E+01      0.19731801E+01
      2111      0.20142397E+01      0.18784654E+01      0.25083720E+01      0.17370043E+01      0.24439036E+01
      2112      0.20408944E+01      0.17436639E+01      0.30018997E+01      0.15806029E+01      0.26713791E+01
      2113      0.18775632E+01      0.17623433E+01      0.24384384E+01      0.16668325E+01      0.18667882E+01
      2114      0.19219492E+01      0.17839342E+01      0.24198736E+01      0.17197492E+01      0.20679423E+01
      2115      0.19593239E+01      0.16769355E+01      0.27004954E+01      0.16310295E+01      0.24919230E+01
      2116      0.19427184E+01      0.17289378E+01      0.27847137E+01      0.16028118E+01      0.21278661E+01
      2117      0.18788900E+01      0.17308782E+01      0.25058848E+01      0.16316797E+01      0.19636764E+01
      2118      0.18689698E+01      0.16175475E+01      0.24862900E+01      0.16280000E+01      0.22352397E+01
      2119      0.17467971E+01      0.16402061E+01      0.19254583E+01      0.15386074E+01      0.24670588E+01
      2120      0.17921934E+01      0.16510885E+01      0.22475154E+01      0.15638397E+01      0.21303126E+01
      2121      0.17207348E+01      0.14893705E+01      0.22954203E+01      0.15631241E+01      0.18032862E+01
      2122      0.17962289E+01      0.17361561E+01      0.20163295E+01      0.16462902E+01      0.20859985E+01
      2123      0.19084375E+01      0.16983017E+01      0.24580816E+01      0.16731575E+01      0.22746251E+01
      2124      0.19159607E+01      0.16314884E+01      0.25152486E+01      0.16663721E+01      0.24419988E+01
      2125      0.19161146E+01      0.16590007E+01      0.24467672E+01      0.16903212E+01      0.24143473E+01
      2126      0.19200808E+01      0.17564043E+01      0.22215525E+01      0.17532961E+01      0.23966242E+01
      2127      0.18935522E+01      0.17977428E+01      0.22663981E+01      0.16389523E+01      0.23702571E+01
      2128      0.18795395E+01      0.18210344E+01      0.24064280E+01      0.16096363E+01      0.20026983E+01
      2129      0.19803130E+01      0.18820784E+01      0.25581563E+01      0.16484756E+01      0.23442815E+01
      2130      0.19347668E+01      0.16998272E+01      0.24820252E+01      0.16479637E+01      0.25680567E+01
      2131      0.18674914E+01      0.17055320E+01      0.23720729E+01      0.16071183E+01      0.22851435E+01
      2132      0.18436954E+01      0.17489722E+01      0.22600606E+01      0.16813631E+01      0.18832601E+01
      2133      0.19301450E+01      0.17060953E+01      0.27470042E+01      0.16219135E+01      0.20747681E+01
      2134      0.18804986E+01      0.17446241E+01      0.23787587E+01      0.17299257E+01      0.18256912E+01
      2135      0.19453832E+01      0.17167222E+01      0.23352483E+01      0.18756332E+01      0.20595856E+01
      2136      0.18765098E+01      0.15206311E+01      0.24873886E+01      0.16638509E+01      0.24376577E+01
      2137      0.18945328E+01      0.16730431E+01      0.24034602E+01      0.17398788E+01      0.20702057E+01
      2138      0.18663855E+01      0.18344009E+01      0.19911677E+01      0.17443994E+01      0.21640600E+01
      2139      0.19591004E+01      0.18078241E+01      0.25143484E+01      0.15706599E+01      0.27276917E+01
      2140      0.18425919E+01      0.18065576E+01      0.21313477E+01      0.16142727E+01      0.22235184E+01
      2141      0.18322065E+01      0.17252919E+01      0.21584040E+01      0.16162407E+01      0.22875417E+01
      2142      0.18486340E+01      0.16683307E+01      0.24851710E+01      0.14814615E+01      0.24548086E+01
      2143      0.18099403E+01      0.17632385E+01      0.23559977E+01      0.15722427E+01      0.17410075E+01
      2144      0.18400862E+01      0.17771398E+01      0.20977605E+01      0.16941507E+01      0.20475845E+01
      2145      0.18993301E+01      0.16014537E+01      0.26683579E+01      0.15361007E+01      0.25504150E+01
      2146      0.18891857E+01      0.17024134E+01      0.26112595E+01      0.15604920E+01      0.21974004E+01
      2147      0.19880591E+01      0.17336516E+01      0.28859253E+01      0.16445580E+01      0.21871948E+01
      2148      0.19188906E+01      0.16809718E+01      0.27215805E+01      0.15579483E+01      0.23284505E+01
      2149      0.17932227E+01      0.15162170E+01      0.25068563E+01      0.14659473E+01      0.23621979E+01
      2150      0.17203252E+01      0.15518385E+01      0.21070175E+01      0.16003373E+01      0.18636678E+01
      2151      0.17838344E+01      0.16090592E+01      0.23349355E+01      0.16257682E+01      0.17589747E+01
      2152      0.18594943E+01      0.16946611E+01      0.23113912E+01      0.16829387E+01      0.20751394E+01
      2153      0.18432923E+01      0.15879018E+01      0.24885025E+01      0.15961241E+01      0.21880595E+01
      2154      0.17674148E+01      0.16108772E+01      0.22520243E+01      0.15327263E+01      0.21134135E+01
      2155      0.17745527E+01      0.17033701E+01      0.22387594E+01      0.15918919E+01      0.17298915E+01
      2156      0.19255070E+01      0.17386981E+01      0.24676310E+01      0.17119677E+01      0.21605225E+01
      2157      0.19683193E+01      0.16533648E+01      0.25557098E+01      0.17363054E+01      0.25362269E+01
      2158      0.18316280E+01      0.15055658E+01      0.22391637E+01      0.16294434E+01      0.26777089E+01
      2159      0.17611713E+01      0.15233187E+01      0.20452881E+01      0.15983853E+01      0.24622498E+01
      2160      0.17218616E+01      0.15297505E+01      0.20233587E+01      0.15875420E+01      0.21547572E+01
      2161      0.17766136E+01      0.14808924E+01      0.21570918E+01      0.16388911E+01      0.23505096E+01
      2162      0.17389031E+01      0.14877865E+01      0.20702260E+01      0.16040201E+01      0.22772344E+01
      2163      0.17358449E+01      0.14980835E+01      0.21072413E+01      0.15872734E+01      0.22086385E+01
      2164      0.17227908E+01      0.15177115E+01      0.22196019E+01      0.14745541E+01      0.22294210E+01
      2165      0.17340846E+01      0.16063496E+01      0.22904307E+01      0.15061798E+01      0.18315404E+01
      2166      0.16860495E+01      0.15056524E+01      0.21336695E+01      0.14818060E+01      0.20573934E+01
      2167      0.16897813E+01      0.15330772E+01      0.22591527E+01      0.14367142E+01      0.19358546E+01
      2168      0.17632771E+01      0.15614184E+01      0.23330205E+01      0.15569758E+01      0.19573898E+01
      2169      0.18068678E+01      0.14770229E+01      0.25572790E+01      0.15726612E+01      0.20981089E+01
      2170      0.17231070E+01      0.14613304E+01      0.22935867E+01      0.15266062E+01      0.20443675E+01
      2171      0.17415231E+01      0.17288263E+01      0.19242147E+01      0.16393397E+01      0.17956111E+01
      2172      0.17907763E+01      0.15438281E+01      0.22057927E+01      0.16960727E+01      0.19990565E+01
      2173      0.17466119E+01      0.15272625E+01      0.21716588E+01      0.15717785E+01      0.21600469E+01
      2174      0.17319510E+01      0.15848205E+01      0.20619888E+01      0.15999753E+01      0.19747162E+01
      2175      0.18033429E+01      0.16727253E+01      0.21310883E+01      0.16477319E+01      0.20939992E+01
      2176      0.18621035E+01      0.16405705E+01      0.23384628E+01      0.16921218E+01      0.21606929E+01
      2177      0.17722118E+01      0.15577629E+01      0.21205394E+01      0.16454292E+01      0.21447881E+01
      2178      0.17605412E+01      0.16196350E+01      0.20659129E+01      0.16925535E+01      0.17947311E+01
      2179      0.18186552E+01      0.16747593E+01      0.21252085E+01      0.16745865E+01      0.21449483E+01
      2180      0.18293952E+01      0.15848560E+01      0.24835637E+01      0.15166702E+01      0.23728943E+01
      2181      0.16999506E+01      0.15797080E+01      0.21965917E+01      0.15330035E+01      0.16668065E+01
      2182      0.18198332E+01      0.16338290E+01      0.23068339E+01      0.16918932E+01      0.18408559E+01
      2183      0.18363526E+01      0.15701805E+01      0.25252406E+01      0.15533091E+01      0.22585017E+01
      2184      0.17145571E+01      0.16497490E+01      0.20576452E+01      0.15400056E+01      0.18640213E+01
      2185      0.18073370E+01      0.15992537E+01      0.24903717E+01      0.15420415E+01      0.20139898E+01
      2186      0.17578463E+01      0.16834342E+01      0.20668030E+01      0.15415357E+01      0.21591924E+01
      2187      0.18432296E+01      0.16022932E+01      0.26603241E+01      0.14777734E+01      0.22492955E+01
      2188      0.16495366E+01      0.14513151E+01      0.21993917E+01      0.13638624E+01      0.21719742E+01
      2189      0.16716553E+01      0.15943235E+01      0.21589152E+01      0.14646418E+01      0.16894836E+01
      2190      0.17822581E+01      0.16939933E+01      0.20039851E+01      0.16709401E+01      0.20013504E+01
      2191      0.18134796E+01      0.16348614E+01      0.21751175E+01      0.15705635E+01      0.24973577E+01
      2192      0.18343141E+01      0.16501819E+01      0.23959376E+01      0.15968635E+01      0.21128896E+01
      2193      0.18085061E+01      0.16395257E+01      0.22605820E+01      0.15900782E+01      0.21927668E+01
      2194      0.16668208E+01      0.15567829E+01      0.19866257E+01      0.15089693E+01      0.19249471E+01
      2195      0.16728576E+01      0.15284659E+01      0.20433477E+01      0.14597532E+01      0.21323522E+01
      2196      0.17115881E+01      0.15533599E+01      0.22096151E+01      0.15721108E+01      0.16772461E+01
      2197      0.18381992E+01      0.16930004E+01      0.22487335E+01      0.17027281E+01      0.19277852E+01
      2198      0.18334938E+01      0.16431771E+01      0.23595098E+01      0.16296576E+01      0.20739110E+01
      2199      0.17771408E+01      0.16276735E+01      0.20727717E+01      0.15722478E+01      0.23694814E+01
      2200      0.17058132E+01      0.14872712E+01      0.22164841E+01      0.15009408E+01      0.20587743E+01
      2201      0.16431094E+01      0.14965029E+01      0.21077143E+01      0.14451607E+01      0.18634771E+01
      2202      0.16517217E+01      0.15500326E+01      0.19819743E+01      0.14712576E+01      0.19509608E+01
      2203      0.18118481E+01      0.17332134E+01      0.23009211E+01      0.15165760E+01      0.21616694E+01
      2204      0.16979740E+01      0.15429132E+01      0.21955948E+01      0.15067836E+01      0.18502350E+01
      2205      0.16768656E+01      0.15705965E+01      0.19631297E+01      0.15198777E+01      0.19884160E+01
      2206      0.17785835E+01      0.15076931E+01      0.24229660E+01      0.16192343E+01      0.18374481E+01
      2207      0.16883801E+01      0.14725548E+01      0.21779912E+01      0.14693906E+01      0.21290639E+01
      2208      0.15860006E+01      0.14311396E+01      0.21211929E+01      0.14101540E+01      0.16048457E+01
      2209      0.15745512E+01      0.14572339E+01      0.18957977E+01      0.14772781E+01      0.16220093E+01
      2210      0.16583621E+01      0.15139586E+01      0.19176280E+01      0.15685340E+01      0.18765844E+01
      2211      0.17827407E+01      0.14498610E+01      0.23978602E+01      0.15635454E+01      0.22964757E+01
      2212      0.17352529E+01      0.14243043E+01      0.22351430E+01      0.16041529E+01      0.20874685E+01
      2213      0.16330442E+01      0.14016466E+01      0.19208272E+01      0.15560059E+01      0.19863866E+01
      2214      0.16335959E+01      0.15304194E+01      0.17282562E+01      0.15389150E+01      0.20854187E+01
      2215      0.17062058E+01      0.16873925E+01      0.17742488E+01      0.15684756E+01      0.21402079E+01
      2216      0.19224348E+01      0.17180203E+01      0.26187693E+01      0.16431542E+01      0.21449661E+01
      2217      0.17406781E+01      0.15511731E+01      0.23057276E+01      0.14375104E+01      0.22744624E+01
      2218      0.16249378E+01      0.14683843E+01      0.19581019E+01      0.14613178E+01      0.20065180E+01
      2219      0.17368369E+01      0.16669164E+01      0.20376256E+01      0.16219365E+01      0.17606176E+01
      2220      0.18383399E+01      0.16989490E+01      0.24650141E+01      0.15814014E+01      0.19365540E+01
      2221      0.18053618E+01      0.17155483E+01      0.22551142E+01      0.15204326E+01      0.22257894E+01
      2222      0.18427954E+01      0.16978422E+01      0.25516688E+01      0.15334333E+01      0.19891866E+01
      2223      0.17200370E+01      0.16376092E+01      0.20603434E+01      0.14811016E+01      0.21659342E+01
      2224      0.17717268E+01      0.16582703E+01      0.21908366E+01      0.15718673E+01      0.19987157E+01
      2225      0.17500483E+01      0.15240312E+01      0.23781128E+01      0.15018557E+01      0.20518341E+01
      2226      0.16959224E+01      0.15249116E+01      0.23180389E+01      0.14334504E+01      0.19113998E+01
      2227      0.16336372E+01      0.15131895E+01      0.20128682E+01      0.14341884E+01      0.19581477E+01
      2228      0.16349407E+01      0.14922244E+01      0.20650279E+01      0.14143220E+01      0.19988810E+01
      2229      0.16218715E+01      0.15146664E+01      0.19944763E+01      0.13709197E+01      0.21168086E+01
      2230      0.17365756E+01      0.16076419E+01      0.23527679E+01      0.14596418E+01      0.19020920E+01
      2231      0.17698577E+01      0.15645554E+01      0.24536616E+01      0.15491638E+01      0.17995046E+01
      2232      0.17812969E+01      0.16047915E+01      0.22181651E+01      0.15429183E+01      0.22918091E+01
      2233      0.17349316E+01      0.14768263E+01      0.24947027E+01      0.14487513E+01      0.20048345E+01
      2234      0.16208667E+01      0.15531034E+01      0.20099462E+01      0.14690841E+01      0.16008555E+01
      2235      0.16602941E+01      0.15605402E+01      0.20139084E+01      0.14905157E+01      0.18672663E+01
      2236      0.15750186E+01      0.15879474E+01      0.16249339E+01      0.14513683E+01      0.19046402E+01
      2237      0.17957158E+01      0.18144091E+01      0.21163330E+01      0.15878182E+01      0.18849436E+01
      2238      0.18724069E+01      0.17256922E+01      0.24667765E+01      0.15056830E+01      0.24684601E+01
      2239      0.16968594E+01      0.15369600E+01      0.21652018E+01      0.14362755E+01      0.21820933E+01
      2240      0.16347886E+01      0.14425984E+01      0.21069489E+01      0.14686780E+01      0.18461711E+01
      2241      0.15663218E+01      0.14968624E+01      0.19149653E+01      0.13256349E+01      0.19663162E+01
      2242      0.16712063E+01      0.17538423E+01      0.19555791E+01      0.14504791E+01      0.17045822E+01
      2243      0.18297025E+01      0.15875471E+01      0.25188980E+01      0.15436299E+01      0.21962992E+01
      2244      0.16724356E+01      0.14195120E+01      0.23239568E+01      0.13440148E+01      0.23034312E+01
      2245      0.15401480E+01      0.13418354E+01      0.21014303E+01      0.13331986E+01      0.17438278E+01
      2246      0.15256911E+01      0.13701453E+01      0.19986827E+01      0.13686857E+01      0.15999501E+01
      2247      0.16823923E+01      0.15273516E+01      0.20880203E+01      0.15661845E+01      0.17365061E+01
      2248      0.16808939E+01      0.15631621E+01      0.19697494E+01      0.15703276E+01      0.18442866E+01
      2249      0.17129698E+01      0.15362583E+01      0.22757848E+01      0.14536277E+01      0.20510203E+01
      2250      0.16890486E+01      0.14799736E+01      0.23107325E+01      0.15249879E+01      0.16403071E+01
      2251      0.15964103E+01      0.14100143E+01      0.18281631E+01      0.14433081E+01      0.22236684E+01
      2252      0.16641852E+01      0.14439341E+01      0.20877126E+01      0.15565442E+01      0.18303782E+01
      2253      0.17140781E+01      0.15081848E+01      0.21211929E+01      0.15702591E+01      0.20095393E+01
      2254      0.16420424E+01      0.14047726E+01      0.21387889E+01      0.14910386E+01      0.18719279E+01
      2255      0.16560438E+01      0.15224407E+01      0.20068410E+01      0.15471034E+01      0.17332713E+01
      2256      0.17735645E+01      0.16003778E+01      0.21377055E+01      0.16791774E+01      0.18786824E+01
      2257      0.17274527E+01      0.15181620E+01      0.20865123E+01      0.15889634E+01      0.21083578E+01
      2258      0.17002565E+01      0.14222383E+01      0.22447611E+01      0.15162629E+01      0.20712738E+01
      2259      0.17131194E+01      0.14633782E+01      0.22329000E+01      0.15474007E+01      0.19867376E+01
      2260      0.17796849E+01      0.15642991E+01      0.20583445E+01      0.17822378E+01      0.18076375E+01
      2261      0.17683855E+01      0.14410927E+01      0.22211355E+01      0.16099784E+01      0.23627497E+01
      2262      0.16420106E+01      0.13527192E+01      0.20424703E+01      0.14709690E+01      0.22835287E+01
      2263      0.15671248E+01      0.13028735E+01      0.20036824E+01      0.14737703E+01      0.17750371E+01
      2264      0.15307404E+01      0.13137752E+01      0.18636424E+01      0.14370692E+01      0.18165563E+01
      2265      0.16159495E+01      0.14523815E+01      0.19303589E+01      0.15465724E+01      0.16998800E+01
      2266      0.17204124E+01      0.14118788E+01      0.22135162E+01      0.15911801E+01      0.20725047E+01
      2267      0.16238137E+01      0.13073994E+01      0.21219813E+01      0.14771173E+01      0.20532430E+01
      2268      0.14988947E+01      0.12962698E+01      0.19372457E+01      0.14065844E+01      0.15290858E+01
      2269      0.15296841E+01      0.13840443E+01      0.18427175E+01      0.14466660E+01      0.16181666E+01
      2270      0.16431368E+01      0.14519762E+01      0.19375788E+01      0.15657303E+01      0.18734156E+01
      2271      0.16473009E+01      0.13724632E+01      0.20378164E+01      0.15137243E+01      0.21278483E+01
      2272      0.15620423E+01      0.13990258E+01      0.16754735E+01      0.14919363E+01      0.20491486E+01
      2273      0.17299411E+01      0.14921505E+01      0.23016307E+01      0.16006816E+01      0.17295787E+01
      2274      0.16965822E+01      0.13756668E+01      0.21608760E+01      0.15225476E+01      0.23090337E+01
      2275      0.16203813E+01      0.14600570E+01      0.19381867E+01      0.14750316E+01      0.19743627E+01
      2276      0.17558274E+01      0.16657793E+01      0.22005259E+01      0.15134773E+01      0.20268326E+01
      2277      0.16906130E+01      0.14908371E+01      0.24104029E+01      0.13309077E+01      0.21559728E+01
      2278      0.15261536E+01      0.14352206E+01      0.17471771E+01      0.13491125E+01      0.20012665E+01
      2279      0.16139400E+01      0.15364134E+01      0.20957107E+01      0.13791905E+01      0.17476247E+01
      2280      0.16441298E+01      0.16176393E+01      0.21306356E+01      0.14048057E+01      0.16445974E+01
      2281      0.16820378E+01      0.16566132E+01      0.22584966E+01      0.13729369E+01      0.17621485E+01
      2282      0.17021030E+01      0.16478236E+01      0.21106847E+01      0.14649714E+01      0.19269206E+01
      2283      0.17403060E+01      0.14342239E+01      0.25524495E+01      0.13769883E+01      0.23281555E+01
      2284      0.15572804E+01      0.14839750E+01      0.18115641E+01      0.14316825E+01      0.17236633E+01
      2285      0.14977577E+01      0.13244621E+01      0.17755458E+01      0.14664250E+01      0.15386785E+01
      2286      0.15248346E+01      0.14269231E+01      0.18255768E+01      0.13734335E+01      0.17633285E+01
      2287      0.15891482E+01      0.14517356E+01      0.19786148E+01      0.14126280E+01      0.18537877E+01
      2288      0.16676783E+01      0.15238861E+01      0.22201614E+01      0.14437415E+01      0.18022817E+01
      2289      0.16161163E+01      0.14851461E+01      0.19654795E+01      0.14396071E+01      0.19431280E+01
      2290      0.17070008E+01      0.15904480E+01      0.21939062E+01      0.14441520E+01      0.20439097E+01
      2291      0.15965494E+01      0.13146818E+01      0.23145472E+01      0.13109688E+01      0.20133718E+01
      2292      0.15495644E+01      0.13236816E+01      0.21009877E+01      0.13787653E+01      0.17131144E+01
      2293      0.16012017E+01      0.14282805E+01      0.20960668E+01      0.14233323E+01      0.17581914E+01
      2294      0.16754359E+01      0.14940094E+01      0.21793213E+01      0.15039759E+01      0.18137639E+01
      2295      0.17084106E+01      0.15450961E+01      0.22149836E+01      0.14693702E+01      0.20455704E+01
      2296      0.16580803E+01      0.14115740E+01      0.24901708E+01      0.13487197E+01      0.18385111E+01
      2297      0.15922987E+01      0.13831587E+01      0.20427373E+01      0.14157746E+01      0.19331131E+01
      2298      0.16064751E+01      0.14505045E+01      0.19908651E+01      0.14834621E+01      0.17312342E+01
      2299      0.16679012E+01      0.14122572E+01      0.21472295E+01      0.15313860E+01      0.19288661E+01
      2300      0.16064836E+01      0.13615355E+01      0.19621658E+01      0.15120155E+01      0.19270223E+01
      2301      0.15832179E+01      0.13615355E+01      0.18292287E+01      0.15120155E+01      0.19713186E+01
      2302      0.15832179E+01      0.13615355E+01      0.18292287E+01      0.15120155E+01      0.19713186E+01
      2303      0.15832179E+01      0.13615355E+01      0.18292287E+01      0.15120155E+01      0.19713186E+01
      2304      0.15832179E+01      0.13615355E+01      0.18292287E+01      0.15120155E+01      0.19713186E+01
      2305      0.15832179E+01      0.13615355E+01      0.18292287E+01      0.15120155E+01      0.19713186E+01
      2306      0.15832179E+01      0.13615355E+01      0.18292287E+01      0.15120155E+01      0.19713186E+01
      2307      0.15832179E+01      0.13615355E+01      0.18292287E+01      0.15120155E+01      0.19713186E+01
      2308      0.15832179E+01      0.13615355E+01      0.18292287E+01      0.15120155E+01      0.19713186E+01
      2309      0.15832179E+01      0.13615355E+01      0.18292287E+01      0.15120155E+01      0.19713186E+01
      2310      0.15832179E+01      0.13615355E+01      0.18292287E+01      0.15120155E+01      0.19713186E+01
      2311      0.15832179E+01      0.13615355E+01      0.18292287E+01      0.15120155E+01      0.19713186E+01
      2312      0.15832179E+01      0.13615355E+01      0.18292287E+01      0.15120155E+01      0.19713186E+01
      2313      0.15832179E+01      0.13615355E+01      0.18292287E+01      0.15120155E+01      0.19713186E+01
      2314      0.15832179E+01      0.13615355E+01      0.18292287E+01      0.15120155E+01      0.19713186E+01
      2315      0.15832179E+01      0.13615355E+01      0.18292287E+01      0.15120155E+01      0.19713186E+01
      2316      0.15832179E+01      0.13615355E+01      0.18292287E+01      0.15120155E+01      0.19713186E+01
      2317      0.15832179E+01      0.13615355E+01      0.18292287E+01      0.15120155E+01      0.19713186E+01
      2318      0.15832179E+01      0.13615355E+01      0.18292287E+01      0.15120155E+01      0.19713186E+01
      2319      0.15832179E+01      0.13615355E+01      0.18292287E+01      0.15120155E+01      0.19713186E+01
      2320      0.15832179E+01      0.13615355E+01      0.18292287E+01      0.15120155E+01      0.19713186E+01
      2321      0.15832179E+01      0.13615355E+01      0.18292287E+01      0.15120155E+01      0.19713186E+01
      2322      0.15832179E+01      0.13615355E+01      0.18292287E+01      0.15120155E+01      0.19713186E+01
      2323      0.15832179E+01      0.13615355E+01      0.18292287E+01      0.15120155E+01      0.19713186E+01
      2324      0.15832179E+01      0.13615355E+01      0.18292287E+01      0.15120155E+01      0.19713186E+01
      2325      0.15832179E+01      0.13615355E+01      0.18292287E+01      0.15120155E+01      0.19713186E+01
      2326      0.15832179E+01      0.13615355E+01      0.18292287E+01      0.15120155E+01      0.19713186E+01
      2327      0.15832179E+01      0.13615355E+01      0.18292287E+01      0.15120155E+01      0.19713186E+01
      2328      0.15832179E+01      0.13615355E+01      0.18292287E+01      0.15120155E+01      0.19713186E+01
      2329      0.15832179E+01      0.13615355E+01      0.18292287E+01      0.15120155E+01      0.19713186E+01
      2330      0.15832179E+01      0.13615355E+01      0.18292287E+01      0.15120155E+01      0.19713186E+01
      2331      0.15832179E+01      0.13615355E+01      0.18292287E+01      0.15120155E+01      0.19713186E+01
      2332      0.15832179E+01      0.13615355E+01      0.18292287E+01      0.15120155E+01      0.19713186E+01
      2333      0.15832179E+01      0.13615355E+01      0.18292287E+01      0.15120155E+01      0.19713186E+01
      2334      0.15832179E+01      0.13615355E+01      0.18292287E+01      0.15120155E+01      0.19713186E+01
      2335      0.15832179E+01      0.13615355E+01      0.18292287E+01      0.15120155E+01      0.19713186E+01
      2336      0.15832179E+01      0.13615355E+01      0.18292287E+01      0.15120155E+01      0.19713186E+01
      2337      0.15832179E+01      0.13615355E+01      0.18292287E+01      0.15120155E+01      0.19713186E+01
      2338      0.15832179E+01      0.13615355E+01      0.18292287E+01      0.15120155E+01      0.19713186E+01
      2339      0.15832179E+01      0.13615355E+01      0.18292287E+01      0.15120155E+01      0.19713186E+01
      2340      0.15832179E+01      0.13615355E+01      0.18292287E+01      0.15120155E+01      0.19713186E+01
      2341      0.15832179E+01      0.13615355E+01      0.18292287E+01      0.15120155E+01      0.19713186E+01
      2342      0.15832179E+01      0.13615355E+01      0.18292287E+01      0.15120155E+01      0.19713186E+01
      2343      0.15832179E+01      0.13615355E+01      0.18292287E+01      0.15120155E+01      0.19713186E+01
      2344      0.15832179E+01      0.13615355E+01      0.18292287E+01      0.15120155E+01      0.19713186E+01
      2345      0.15832179E+01      0.13615355E+01      0.18292287E+01      0.15120155E+01      0.19713186E+01
      2346      0.15832179E+01      0.13615355E+01      0.18292287E+01      0.15120155E+01      0.19713186E+01
      2347      0.15832179E+01      0.13615355E+01      0.18292287E+01      0.15120155E+01      0.19713186E+01
      2348      0.15832179E+01      0.13615355E+01      0.18292287E+01      0.15120155E+01      0.19713186E+01
      2349      0.15832179E+01      0.13615355E+01      0.18292287E+01      0.15120155E+01      0.19713186E+01
      2350      0.15832179E+01      0.13615355E+01      0.18292287E+01      0.15120155E+01      0.19713186E+01
      2351      0.15832179E+01      0.13615355E+01      0.18292287E+01      0.15120155E+01      0.19713186E+01
      2352      0.15832179E+01      0.13615355E+01      0.18292287E+01      0.15120155E+01      0.19713186E+01
      2353      0.15832179E+01      0.13615355E+01      0.18292287E+01      0.15120155E+01      0.19713186E+01
      2354      0.15832179E+01      0.13615355E+01      0.18292287E+01      0.15120155E+01      0.19713186E+01
      2355      0.15832179E+01      0.13615355E+01      0.18292287E+01      0.15120155E+01      0.19713186E+01
      2356      0.15832179E+01      0.13615355E+01      0.18292287E+01      0.15120155E+01      0.19713186E+01
      2357      0.15832179E+01      0.13615355E+01      0.18292287E+01      0.15120155E+01      0.19713186E+01
      2358      0.15832179E+01      0.13615355E+01      0.18292287E+01      0.15120155E+01      0.19713186E+01
      2359      0.15832179E+01      0.13615355E+01      0.18292287E+01      0.15120155E+01      0.19713186E+01
      2360      0.15832179E+01      0.13615355E+01      0.18292287E+01      0.15120155E+01      0.19713186E+01
      2361      0.15832179E+01      0.13615355E+01      0.18292287E+01      0.15120155E+01      0.19713186E+01
      2362      0.15832179E+01      0.13615355E+01      0.18292287E+01      0.15120155E+01      0.19713186E+01
      2363      0.15832179E+01      0.13615355E+01      0.18292287E+01      0.15120155E+01      0.19713186E+01
      2364      0.15832179E+01      0.13615355E+01      0.18292287E+01      0.15120155E+01      0.19713186E+01
      2365      0.15832179E+01      0.13615355E+01      0.18292287E+01      0.15120155E+01      0.19713186E+01
      2366      0.15832179E+01      0.13615355E+01      0.18292287E+01      0.15120155E+01      0.19713186E+01
      2367      0.15832179E+01      0.13615355E+01      0.18292287E+01      0.15120155E+01      0.19713186E+01
      2368      0.15832179E+01      0.13615355E+01      0.18292287E+01      0.15120155E+01      0.19713186E+01
      2369      0.15832179E+01      0.13615355E+01      0.18292287E+01      0.15120155E+01      0.19713186E+01
      2370      0.15832179E+01      0.13615355E+01      0.18292287E+01      0.15120155E+01      0.19713186E+01
      2371      0.15832179E+01      0.13615355E+01      0.18292287E+01      0.15120155E+01      0.19713186E+01
      2372      0.15832179E+01      0.13615355E+01      0.18292287E+01      0.15120155E+01      0.19713186E+01
      2373      0.15832179E+01      0.13615355E+01      0.18292287E+01      0.15120155E+01      0.19713186E+01
      2374      0.15832179E+01      0.13615355E+01      0.18292287E+01      0.15120155E+01      0.19713186E+01
      2375      0.15832179E+01      0.13615355E+01      0.18292287E+01      0.15120155E+01      0.19713186E+01
      2376      0.15832179E+01      0.13615355E+01      0.18292287E+01      0.15120155E+01      0.19713186E+01
      2377      0.15832179E+01      0.13615355E+01      0.18292287E+01      0.15120155E+01      0.19713186E+01
      2378      0.15832179E+01      0.13615355E+01      0.18292287E+01      0.15120155E+01      0.19713186E+01
      2379      0.15832179E+01      0.13615355E+01      0.18292287E+01      0.15120155E+01      0.19713186E+01
      2380      0.15832179E+01      0.13615355E+01      0.18292287E+01      0.15120155E+01      0.19713186E+01
      2381      0.15832179E+01      0.13615355E+01      0.18292287E+01      0.15120155E+01      0.19713186E+01
      2382      0.15832179E+01      0.13615355E+01      0.18292287E+01      0.15120155E+01      0.19713186E+01
      2383      0.15832179E+01      0.13615355E+01      0.18292287E+01      0.15120155E+01      0.19713186E+01
      2384      0.15832179E+01      0.13615355E+01      0.18292287E+01      0.15120155E+01      0.19713186E+01
      2385      0.15832179E+01      0.13615355E+01      0.18292287E+01      0.15120155E+01      0.19713186E+01
      2386      0.15832179E+01      0.13615355E+01      0.18292287E+01      0.15120155E+01      0.19713186E+01
      2387      0.15832179E+01      0.13615355E+01      0.18292287E+01      0.15120155E+01      0.19713186E+01
      2388      0.15832179E+01      0.13615355E+01      0.18292287E+01      0.15120155E+01      0.19713186E+01
      2389      0.15832179E+01      0.13615355E+01      0.18292287E+01      0.15120155E+01      0.19713186E+01
      2390      0.15832179E+01      0.13615355E+01      0.18292287E+01      0.15120155E+01      0.19713186E+01
      2391      0.15832179E+01      0.13615355E+01      0.18292287E+01      0.15120155E+01      0.19713186E+01
      2392      0.15832179E+01      0.13615355E+01      0.18292287E+01      0.15120155E+01      0.19713186E+01
      2393      0.15832179E+01      0.13615355E+01      0.18292287E+01      0.15120155E+01      0.19713186E+01
      2394      0.15832179E+01      0.13615355E+01      0.18292287E+01      0.15120155E+01      0.19713186E+01
      2395      0.15832179E+01      0.13615355E+01      0.18292287E+01      0.15120155E+01      0.19713186E+01
      2396      0.15832179E+01      0.13615355E+01      0.18292287E+01      0.15120155E+01      0.19713186E+01
      2397      0.15832179E+01      0.13615355E+01      0.18292287E+01      0.15120155E+01      0.19713186E+01
      2398      0.15832179E+01      0.13615355E+01      0.18292287E+01      0.15120155E+01      0.19713186E+01
      2399      0.15832179E+01      0.13615355E+01      0.18292287E+01      0.15120155E+01      0.19713186E+01
      2400      0.15832179E+01      0.13615355E+01      0.18292287E+01      0.15120155E+01      0.19713186E+01
      2401      0.15832179E+01      0.13615355E+01      0.18292287E+01      0.15120155E+01      0.19713186E+01
      2402      0.15832179E+01      0.13615355E+01      0.18292287E+01      0.15120155E+01      0.19713186E+01
      2403      0.15832179E+01      0.13615355E+01      0.18292287E+01      0.15120155E+01      0.19713186E+01
      2404      0.15832179E+01      0.13615355E+01      0.18292287E+01      0.15120155E+01      0.19713186E+01
      2405      0.15832179E+01      0.13615355E+01      0.18292287E+01      0.15120155E+01      0.19713186E+01
      2406      0.15832179E+01      0.13615355E+01      0.18292287E+01      0.15120155E+01      0.19713186E+01
      2407      0.15832179E+01      0.13615355E+01      0.18292287E+01      0.15120155E+01      0.19713186E+01
      2408      0.15832179E+01      0.13615355E+01      0.18292287E+01      0.15120155E+01      0.19713186E+01
      2409      0.15832179E+01      0.13615355E+01      0.18292287E+01      0.15120155E+01      0.19713186E+01
      2410      0.15832179E+01      0.13615355E+01      0.18292287E+01      0.15120155E+01      0.19713186E+01
      2411      0.15832179E+01      0.13615355E+01      0.18292287E+01      0.15120155E+01      0.19713186E+01
      2412      0.15832179E+01      0.13615355E+01      0.18292287E+01      0.15120155E+01      0.19713186E+01
      2413      0.15832179E+01      0.13615355E+01      0.18292287E+01      0.15120155E+01      0.19713186E+01
      2414      0.15832179E+01      0.13615355E+01      0.18292287E+01      0.15120155E+01      0.19713186E+01
      2415      0.15832179E+01      0.13615355E+01      0.18292287E+01      0.15120155E+01      0.19713186E+01
      2416      0.15832179E+01      0.13615355E+01      0.18292287E+01      0.15120155E+01      0.19713186E+01
      2417      0.15832179E+01      0.13615355E+01      0.18292287E+01      0.15120155E+01      0.19713186E+01
      2418      0.15832179E+01      0.13615355E+01      0.18292287E+01      0.15120155E+01      0.19713186E+01
      2419      0.15832179E+01      0.13615355E+01      0.18292287E+01      0.15120155E+01      0.19713186E+01
      2420      0.15832179E+01      0.13615355E+01      0.18292287E+01      0.15120155E+01      0.19713186E+01
      2421      0.15832179E+01      0.13615355E+01      0.18292287E+01      0.15120155E+01      0.19713186E+01
      2422      0.15832179E+01      0.13615355E+01      0.18292287E+01      0.15120155E+01      0.19713186E+01
      2423      0.15832179E+01      0.13615355E+01      0.18292287E+01      0.15120155E+01      0.19713186E+01
      2424      0.15832179E+01      0.13615355E+01      0.18292287E+01      0.15120155E+01      0.19713186E+01
      2425      0.15832179E+01      0.13615355E+01      0.18292287E+01      0.15120155E+01      0.19713186E+01
      2426      0.15832179E+01      0.13615355E+01      0.18292287E+01      0.15120155E+01      0.19713186E+01
      2427      0.15832179E+01      0.13615355E+01      0.18292287E+01      0.15120155E+01      0.19713186E+01
      2428      0.15832179E+01      0.13615355E+01      0.18292287E+01      0.15120155E+01      0.19713186E+01
      2429      0.15832179E+01      0.13615355E+01      0.18292287E+01      0.15120155E+01      0.19713186E+01
      2430      0.15832179E+01      0.13615355E+01      0.18292287E+01      0.15120155E+01      0.19713186E+01
      2431      0.15832179E+01      0.13615355E+01      0.18292287E+01      0.15120155E+01      0.19713186E+01
      2432      0.15832179E+01      0.13615355E+01      0.18292287E+01      0.15120155E+01      0.19713186E+01
      2433      0.15832179E+01      0.13615355E+01      0.18292287E+01      0.15120155E+01      0.19713186E+01
      2434      0.15832179E+01      0.13615355E+01      0.18292287E+01      0.15120155E+01      0.19713186E+01
      2435      0.15832179E+01      0.13615355E+01      0.18292287E+01      0.15120155E+01      0.19713186E+01
      2436      0.15832179E+01      0.13615355E+01      0.18292287E+01      0.15120155E+01      0.19713186E+01
      2437      0.15832179E+01      0.13615355E+01      0.18292287E+01      0.15120155E+01      0.19713186E+01
      2438      0.15832179E+01      0.13615355E+01      0.18292287E+01      0.15120155E+01      0.19713186E+01
      2439      0.15832179E+01      0.13615355E+01      0.18292287E+01      0.15120155E+01      0.19713186E+01
      2440      0.15832179E+01      0.13615355E+01      0.18292287E+01      0.15120155E+01      0.19713186E+01
      2441      0.15832179E+01      0.13615355E+01      0.18292287E+01      0.15120155E+01      0.19713186E+01
      2442      0.15832179E+01      0.13615355E+01      0.18292287E+01      0.15120155E+01      0.19713186E+01
      2443      0.15832179E+01      0.13615355E+01      0.18292287E+01      0.15120155E+01      0.19713186E+01
      2444      0.15832179E+01      0.13615355E+01      0.18292287E+01      0.15120155E+01      0.19713186E+01
      2445      0.15832179E+01      0.13615355E+01      0.18292287E+01      0.15120155E+01      0.19713186E+01
      2446      0.15832179E+01      0.13615355E+01      0.18292287E+01      0.15120155E+01      0.19713186E+01
      2447      0.15832179E+01      0.13615355E+01      0.18292287E+01      0.15120155E+01      0.19713186E+01
      2448      0.15832179E+01      0.13615355E+01      0.18292287E+01      0.15120155E+01      0.19713186E+01
      2449      0.15832179E+01      0.13615355E+01      0.18292287E+01      0.15120155E+01      0.19713186E+01
      2450      0.15832179E+01      0.13615355E+01      0.18292287E+01      0.15120155E+01      0.19713186E+01
      2451      0.15832179E+01      0.13615355E+01      0.18292287E+01      0.15120155E+01      0.19713186E+01
      2452      0.15832179E+01      0.13615355E+01      0.18292287E+01      0.15120155E+01      0.19713186E+01
      2453      0.15832179E+01      0.13615355E+01      0.18292287E+01      0.15120155E+01      0.19713186E+01
      2454      0.15832179E+01      0.13615355E+01      0.18292287E+01      0.15120155E+01      0.19713186E+01
      2455      0.15832179E+01      0.13615355E+01      0.18292287E+01      0.15120155E+01      0.19713186E+01
      2456      0.15832179E+01      0.13615355E+01      0.18292287E+01      0.15120155E+01      0.19713186E+01
      2457      0.15832179E+01      0.13615355E+01      0.18292287E+01      0.15120155E+01      0.19713186E+01
      2458      0.15832179E+01      0.13615355E+01      0.18292287E+01      0.15120155E+01      0.19713186E+01
      2459      0.15832179E+01      0.13615355E+01      0.18292287E+01      0.15120155E+01      0.19713186E+01
      2460      0.15832179E+01      0.13615355E+01      0.18292287E+01      0.15120155E+01      0.19713186E+01
      2461      0.15832179E+01      0.13615355E+01      0.18292287E+01      0.15120155E+01      0.19713186E+01
      2462      0.15832179E+01      0.13615355E+01      0.18292287E+01      0.15120155E+01      0.19713186E+01
      2463      0.15832179E+01      0.13615355E+01      0.18292287E+01      0.15120155E+01      0.19713186E+01
      2464      0.15832179E+01      0.13615355E+01      0.18292287E+01      0.15120155E+01      0.19713186E+01
      2465      0.15832179E+01      0.13615355E+01      0.18292287E+01      0.15120155E+01      0.19713186E+01
      2466      0.15832179E+01      0.13615355E+01      0.18292287E+01      0.15120155E+01      0.19713186E+01
      2467      0.15832179E+01      0.13615355E+01      0.18292287E+01      0.15120155E+01      0.19713186E+01
      2468      0.15832179E+01      0.13615355E+01      0.18292287E+01      0.15120155E+01      0.19713186E+01
      2469      0.15832179E+01      0.13615355E+01      0.18292287E+01      0.15120155E+01      0.19713186E+01
      2470      0.15832179E+01      0.13615355E+01      0.18292287E+01      0.15120155E+01      0.19713186E+01
      2471      0.15832179E+01      0.13615355E+01      0.18292287E+01      0.15120155E+01      0.19713186E+01
      2472      0.15832179E+01      0.13615355E+01      0.18292287E+01      0.15120155E+01      0.19713186E+01
      2473      0.15832179E+01      0.13615355E+01      0.18292287E+01      0.15120155E+01      0.19713186E+01
      2474      0.15832179E+01      0.13615355E+01      0.18292287E+01      0.15120155E+01      0.19713186E+01
      2475      0.15832179E+01      0.13615355E+01      0.18292287E+01      0.15120155E+01      0.19713186E+01
      2476      0.15832179E+01      0.13615355E+01      0.18292287E+01      0.15120155E+01      0.19713186E+01
      2477      0.15832179E+01      0.13615355E+01      0.18292287E+01      0.15120155E+01      0.19713186E+01
      2478      0.15832179E+01      0.13615355E+01      0.18292287E+01      0.15120155E+01      0.19713186E+01
      2479      0.15832179E+01      0.13615355E+01      0.18292287E+01      0.15120155E+01      0.19713186E+01
      2480      0.15832179E+01      0.13615355E+01      0.18292287E+01      0.15120155E+01      0.19713186E+01
      2481      0.15832179E+01      0.13615355E+01      0.18292287E+01      0.15120155E+01      0.19713186E+01
      2482      0.15832179E+01      0.13615355E+01      0.18292287E+01      0.15120155E+01      0.19713186E+01
      2483      0.15832179E+01      0.13615355E+01      0.18292287E+01      0.15120155E+01      0.19713186E+01
      2484      0.15832179E+01      0.13615355E+01      0.18292287E+01      0.15120155E+01      0.19713186E+01
      2485      0.15832179E+01      0.13615355E+01      0.18292287E+01      0.15120155E+01      0.19713186E+01
      2486      0.15832179E+01      0.13615355E+01      0.18292287E+01      0.15120155E+01      0.19713186E+01
      2487      0.15832179E+01      0.13615355E+01      0.18292287E+01      0.15120155E+01      0.19713186E+01
      2488      0.15832179E+01      0.13615355E+01      0.18292287E+01      0.15120155E+01      0.19713186E+01
      2489      0.15832179E+01      0.13615355E+01      0.18292287E+01      0.15120155E+01      0.19713186E+01
      2490      0.15832179E+01      0.13615355E+01      0.18292287E+01      0.15120155E+01      0.19713186E+01
      2491      0.15832179E+01      0.13615355E+01      0.18292287E+01      0.15120155E+01      0.19713186E+01
      2492      0.15832179E+01      0.13615355E+01      0.18292287E+01      0.15120155E+01      0.19713186E+01
      2493      0.15832179E+01      0.13615355E+01      0.18292287E+01      0.15120155E+01      0.19713186E+01
      2494      0.15832179E+01      0.13615355E+01      0.18292287E+01      0.15120155E+01      0.19713186E+01
      2495      0.15832179E+01      0.13615355E+01      0.18292287E+01      0.15120155E+01      0.19713186E+01
      2496      0.15832179E+01      0.13615355E+01      0.18292287E+01      0.15120155E+01      0.19713186E+01
      2497      0.15832179E+01      0.13615355E+01      0.18292287E+01      0.15120155E+01      0.19713186E+01
      2498      0.15832179E+01      0.13615355E+01      0.18292287E+01      0.15120155E+01      0.19713186E+01
      2499      0.15832179E+01      0.13615355E+01      0.18292287E+01      0.15120155E+01      0.19713186E+01
      2500      0.15832179E+01      0.13615355E+01      0.18292287E+01      0.15120155E+01      0.19713186E+01
